-------------------------------------------------------------------------------
Test set: com.alibaba.datax.plugin.reader.hbase11xsqlreader.HbaseSQLReaderTaskTest
-------------------------------------------------------------------------------
Tests run: 1, Failures: 0, Errors: 1, Skipped: 0, Time elapsed: 91.144 sec <<< FAILURE!
testReadRecord(com.alibaba.datax.plugin.reader.hbase11xsqlreader.HbaseSQLReaderTaskTest)  Time elapsed: 91.144 sec  <<< ERROR!
com.alibaba.datax.common.exception.DataXException: Code:[Hbasewriter-02], Description:[获取phoenix表的列值错误]. - HBase的columns配置不能为空,请添加目标表的列名配置.org.apache.hadoop.hbase.client.RetriesExhaustedException: Can't get the locations - java.sql.SQLException: org.apache.hadoop.hbase.client.RetriesExhaustedException: Can't get the locations
	at org.apache.phoenix.query.ConnectionQueryServicesImpl$13.call(ConnectionQueryServicesImpl.java:2468)
	at org.apache.phoenix.query.ConnectionQueryServicesImpl$13.call(ConnectionQueryServicesImpl.java:2374)
	at org.apache.phoenix.util.PhoenixContextExecutor.call(PhoenixContextExecutor.java:76)
	at org.apache.phoenix.query.ConnectionQueryServicesImpl.init(ConnectionQueryServicesImpl.java:2374)
	at org.apache.phoenix.jdbc.PhoenixDriver.getConnectionQueryServices(PhoenixDriver.java:255)
	at org.apache.phoenix.jdbc.PhoenixEmbeddedDriver.createConnection(PhoenixEmbeddedDriver.java:154)
	at org.apache.phoenix.jdbc.PhoenixDriver.connect(PhoenixDriver.java:221)
	at java.sql.DriverManager.getConnection(DriverManager.java:664)
	at java.sql.DriverManager.getConnection(DriverManager.java:270)
	at com.alibaba.datax.plugin.reader.hbase11xsqlreader.HbaseSQLHelper.getPColumnNames(HbaseSQLHelper.java:67)
	at com.alibaba.datax.plugin.reader.hbase11xsqlreader.HbaseSQLReaderConfig.parseTableConfig(HbaseSQLReaderConfig.java:127)
	at com.alibaba.datax.plugin.reader.hbase11xsqlreader.HbaseSQLReaderConfig.parse(HbaseSQLReaderConfig.java:71)
	at com.alibaba.datax.plugin.reader.hbase11xsqlreader.HbaseSQLHelper.parseConfig(HbaseSQLHelper.java:112)
	at com.alibaba.datax.plugin.reader.hbase11xsqlreader.HbaseSQLReaderTaskTest.generateSplitConfig(HbaseSQLReaderTaskTest.java:28)
	at com.alibaba.datax.plugin.reader.hbase11xsqlreader.HbaseSQLReaderTaskTest.testReadRecord(HbaseSQLReaderTaskTest.java:36)
	at sun.reflect.NativeMethodAccessorImpl.invoke0(Native Method)
	at sun.reflect.NativeMethodAccessorImpl.invoke(NativeMethodAccessorImpl.java:62)
	at sun.reflect.DelegatingMethodAccessorImpl.invoke(DelegatingMethodAccessorImpl.java:43)
	at java.lang.reflect.Method.invoke(Method.java:498)
	at org.junit.runners.model.FrameworkMethod$1.runReflectiveCall(FrameworkMethod.java:47)
	at org.junit.internal.runners.model.ReflectiveCallable.run(ReflectiveCallable.java:12)
	at org.junit.runners.model.FrameworkMethod.invokeExplosively(FrameworkMethod.java:44)
	at org.junit.internal.runners.statements.InvokeMethod.evaluate(InvokeMethod.java:17)
	at org.junit.runners.ParentRunner.runLeaf(ParentRunner.java:271)
	at org.junit.runners.BlockJUnit4ClassRunner.runChild(BlockJUnit4ClassRunner.java:70)
	at org.junit.runners.BlockJUnit4ClassRunner.runChild(BlockJUnit4ClassRunner.java:50)
	at org.junit.runners.ParentRunner$3.run(ParentRunner.java:238)
	at org.junit.runners.ParentRunner$1.schedule(ParentRunner.java:63)
	at org.junit.runners.ParentRunner.runChildren(ParentRunner.java:236)
	at org.junit.runners.ParentRunner.access$000(ParentRunner.java:53)
	at org.junit.runners.ParentRunner$2.evaluate(ParentRunner.java:229)
	at org.junit.runners.ParentRunner.run(ParentRunner.java:309)
	at org.apache.maven.surefire.junit4.JUnit4Provider.execute(JUnit4Provider.java:252)
	at org.apache.maven.surefire.junit4.JUnit4Provider.executeTestSet(JUnit4Provider.java:141)
	at org.apache.maven.surefire.junit4.JUnit4Provider.invoke(JUnit4Provider.java:112)
	at sun.reflect.NativeMethodAccessorImpl.invoke0(Native Method)
	at sun.reflect.NativeMethodAccessorImpl.invoke(NativeMethodAccessorImpl.java:62)
	at sun.reflect.DelegatingMethodAccessorImpl.invoke(DelegatingMethodAccessorImpl.java:43)
	at java.lang.reflect.Method.invoke(Method.java:498)
	at org.apache.maven.surefire.util.ReflectionUtils.invokeMethodWithArray(ReflectionUtils.java:189)
	at org.apache.maven.surefire.booter.ProviderFactory$ProviderProxy.invoke(ProviderFactory.java:165)
	at org.apache.maven.surefire.booter.ProviderFactory.invokeProvider(ProviderFactory.java:85)
	at org.apache.maven.surefire.booter.ForkedBooter.runSuitesInProcess(ForkedBooter.java:115)
	at org.apache.maven.surefire.booter.ForkedBooter.main(ForkedBooter.java:75)
Caused by: org.apache.hadoop.hbase.client.RetriesExhaustedException: Can't get the locations
	at org.apache.hadoop.hbase.client.RpcRetryingCallerWithReadReplicas.getRegionLocations(RpcRetryingCallerWithReadReplicas.java:312)
	at org.apache.hadoop.hbase.client.ScannerCallableWithReplicas.call(ScannerCallableWithReplicas.java:156)
	at org.apache.hadoop.hbase.client.ScannerCallableWithReplicas.call(ScannerCallableWithReplicas.java:60)
	at org.apache.hadoop.hbase.client.RpcRetryingCaller.callWithoutRetries(RpcRetryingCaller.java:210)
	at org.apache.hadoop.hbase.client.ClientScanner.call(ClientScanner.java:327)
	at org.apache.hadoop.hbase.client.ClientScanner.nextScanner(ClientScanner.java:302)
	at org.apache.hadoop.hbase.client.ClientScanner.initializeScannerInConstruction(ClientScanner.java:167)
	at org.apache.hadoop.hbase.client.ClientScanner.<init>(ClientScanner.java:162)
	at org.apache.hadoop.hbase.client.HTable.getScanner(HTable.java:797)
	at org.apache.hadoop.hbase.MetaTableAccessor.fullScan(MetaTableAccessor.java:602)
	at org.apache.hadoop.hbase.MetaTableAccessor.tableExists(MetaTableAccessor.java:366)
	at org.apache.hadoop.hbase.client.HBaseAdmin.tableExists(HBaseAdmin.java:403)
	at org.apache.phoenix.query.ConnectionQueryServicesImpl$13.call(ConnectionQueryServicesImpl.java:2402)
	... 43 more

	at com.alibaba.datax.common.exception.DataXException.asDataXException(DataXException.java:33)
	at com.alibaba.datax.plugin.reader.hbase11xsqlreader.HbaseSQLReaderConfig.parseTableConfig(HbaseSQLReaderConfig.java:130)
	at com.alibaba.datax.plugin.reader.hbase11xsqlreader.HbaseSQLReaderConfig.parse(HbaseSQLReaderConfig.java:71)
	at com.alibaba.datax.plugin.reader.hbase11xsqlreader.HbaseSQLHelper.parseConfig(HbaseSQLHelper.java:112)
	at com.alibaba.datax.plugin.reader.hbase11xsqlreader.HbaseSQLReaderTaskTest.generateSplitConfig(HbaseSQLReaderTaskTest.java:28)
	at com.alibaba.datax.plugin.reader.hbase11xsqlreader.HbaseSQLReaderTaskTest.testReadRecord(HbaseSQLReaderTaskTest.java:36)
	at sun.reflect.NativeMethodAccessorImpl.invoke0(Native Method)
	at sun.reflect.NativeMethodAccessorImpl.invoke(NativeMethodAccessorImpl.java:62)
	at sun.reflect.DelegatingMethodAccessorImpl.invoke(DelegatingMethodAccessorImpl.java:43)
	at java.lang.reflect.Method.invoke(Method.java:498)
	at org.junit.runners.model.FrameworkMethod$1.runReflectiveCall(FrameworkMethod.java:47)
	at org.junit.internal.runners.model.ReflectiveCallable.run(ReflectiveCallable.java:12)
	at org.junit.runners.model.FrameworkMethod.invokeExplosively(FrameworkMethod.java:44)
	at org.junit.internal.runners.statements.InvokeMethod.evaluate(InvokeMethod.java:17)
	at org.junit.runners.ParentRunner.runLeaf(ParentRunner.java:271)
	at org.junit.runners.BlockJUnit4ClassRunner.runChild(BlockJUnit4ClassRunner.java:70)
	at org.junit.runners.BlockJUnit4ClassRunner.runChild(BlockJUnit4ClassRunner.java:50)
	at org.junit.runners.ParentRunner$3.run(ParentRunner.java:238)
	at org.junit.runners.ParentRunner$1.schedule(ParentRunner.java:63)
	at org.junit.runners.ParentRunner.runChildren(ParentRunner.java:236)
	at org.junit.runners.ParentRunner.access$000(ParentRunner.java:53)
	at org.junit.runners.ParentRunner$2.evaluate(ParentRunner.java:229)
	at org.junit.runners.ParentRunner.run(ParentRunner.java:309)
	at org.apache.maven.surefire.junit4.JUnit4Provider.execute(JUnit4Provider.java:252)
	at org.apache.maven.surefire.junit4.JUnit4Provider.executeTestSet(JUnit4Provider.java:141)
	at org.apache.maven.surefire.junit4.JUnit4Provider.invoke(JUnit4Provider.java:112)
	at sun.reflect.NativeMethodAccessorImpl.invoke0(Native Method)
	at sun.reflect.NativeMethodAccessorImpl.invoke(NativeMethodAccessorImpl.java:62)
	at sun.reflect.DelegatingMethodAccessorImpl.invoke(DelegatingMethodAccessorImpl.java:43)
	at java.lang.reflect.Method.invoke(Method.java:498)
	at org.apache.maven.surefire.util.ReflectionUtils.invokeMethodWithArray(ReflectionUtils.java:189)
	at org.apache.maven.surefire.booter.ProviderFactory$ProviderProxy.invoke(ProviderFactory.java:165)
	at org.apache.maven.surefire.booter.ProviderFactory.invokeProvider(ProviderFactory.java:85)
	at org.apache.maven.surefire.booter.ForkedBooter.runSuitesInProcess(ForkedBooter.java:115)
	at org.apache.maven.surefire.booter.ForkedBooter.main(ForkedBooter.java:75)
Caused by: java.sql.SQLException: org.apache.hadoop.hbase.client.RetriesExhaustedException: Can't get the locations
	at org.apache.phoenix.query.ConnectionQueryServicesImpl$13.call(ConnectionQueryServicesImpl.java:2468)
	at org.apache.phoenix.query.ConnectionQueryServicesImpl$13.call(ConnectionQueryServicesImpl.java:2374)
	at org.apache.phoenix.util.PhoenixContextExecutor.call(PhoenixContextExecutor.java:76)
	at org.apache.phoenix.query.ConnectionQueryServicesImpl.init(ConnectionQueryServicesImpl.java:2374)
	at org.apache.phoenix.jdbc.PhoenixDriver.getConnectionQueryServices(PhoenixDriver.java:255)
	at org.apache.phoenix.jdbc.PhoenixEmbeddedDriver.createConnection(PhoenixEmbeddedDriver.java:154)
	at org.apache.phoenix.jdbc.PhoenixDriver.connect(PhoenixDriver.java:221)
	at java.sql.DriverManager.getConnection(DriverManager.java:664)
	at java.sql.DriverManager.getConnection(DriverManager.java:270)
	at com.alibaba.datax.plugin.reader.hbase11xsqlreader.HbaseSQLHelper.getPColumnNames(HbaseSQLHelper.java:67)
	at com.alibaba.datax.plugin.reader.hbase11xsqlreader.HbaseSQLReaderConfig.parseTableConfig(HbaseSQLReaderConfig.java:127)
	... 33 more
Caused by: org.apache.hadoop.hbase.client.RetriesExhaustedException: Can't get the locations
	at org.apache.hadoop.hbase.client.RpcRetryingCallerWithReadReplicas.getRegionLocations(RpcRetryingCallerWithReadReplicas.java:312)
	at org.apache.hadoop.hbase.client.ScannerCallableWithReplicas.call(ScannerCallableWithReplicas.java:156)
	at org.apache.hadoop.hbase.client.ScannerCallableWithReplicas.call(ScannerCallableWithReplicas.java:60)
	at org.apache.hadoop.hbase.client.RpcRetryingCaller.callWithoutRetries(RpcRetryingCaller.java:210)
	at org.apache.hadoop.hbase.client.ClientScanner.call(ClientScanner.java:327)
	at org.apache.hadoop.hbase.client.ClientScanner.nextScanner(ClientScanner.java:302)
	at org.apache.hadoop.hbase.client.ClientScanner.initializeScannerInConstruction(ClientScanner.java:167)
	at org.apache.hadoop.hbase.client.ClientScanner.<init>(ClientScanner.java:162)
	at org.apache.hadoop.hbase.client.HTable.getScanner(HTable.java:797)
	at org.apache.hadoop.hbase.MetaTableAccessor.fullScan(MetaTableAccessor.java:602)
	at org.apache.hadoop.hbase.MetaTableAccessor.tableExists(MetaTableAccessor.java:366)
	at org.apache.hadoop.hbase.client.HBaseAdmin.tableExists(HBaseAdmin.java:403)
	at org.apache.phoenix.query.ConnectionQueryServicesImpl$13.call(ConnectionQueryServicesImpl.java:2402)
	... 43 more

