<?xml version="1.0" encoding="UTF-8" ?>
<testsuite tests="1" failures="0" name="com.alibaba.datax.plugin.reader.hbase11xsqlreader.HbaseSQLReaderTaskTest" time="91.144" errors="1" skipped="0">
  <properties>
[...]
</properties>
  <testcase classname="com.alibaba.datax.plugin.reader.hbase11xsqlreader.HbaseSQLReaderTaskTest" name="testReadRecord" time="91.144">
    <error message="Code:[Hbasewriter-02], Description:[获取phoenix表的列值错误]. - HBase的columns配置不能为空,请添加目标表的列名配置.org.apache.hadoop.hbase.client.RetriesExhaustedException: Can&apos;t get the locations - java.sql.SQLException: org.apache.hadoop.hbase.client.RetriesExhaustedException: Can&apos;t get the locations
	at org.apache.phoenix.query.ConnectionQueryServicesImpl$13.call(ConnectionQueryServicesImpl.java:2468)
	at org.apache.phoenix.query.ConnectionQueryServicesImpl$13.call(ConnectionQueryServicesImpl.java:2374)
	at org.apache.phoenix.util.PhoenixContextExecutor.call(PhoenixContextExecutor.java:76)
	at org.apache.phoenix.query.ConnectionQueryServicesImpl.init(ConnectionQueryServicesImpl.java:2374)
	at org.apache.phoenix.jdbc.PhoenixDriver.getConnectionQueryServices(PhoenixDriver.java:255)
	at org.apache.phoenix.jdbc.PhoenixEmbeddedDriver.createConnection(PhoenixEmbeddedDriver.java:154)
	at org.apache.phoenix.jdbc.PhoenixDriver.connect(PhoenixDriver.java:221)
	at java.sql.DriverManager.getConnection(DriverManager.java:664)
	at java.sql.DriverManager.getConnection(DriverManager.java:270)
	at com.alibaba.datax.plugin.reader.hbase11xsqlreader.HbaseSQLHelper.getPColumnNames(HbaseSQLHelper.java:67)
	at com.alibaba.datax.plugin.reader.hbase11xsqlreader.HbaseSQLReaderConfig.parseTableConfig(HbaseSQLReaderConfig.java:127)
	at com.alibaba.datax.plugin.reader.hbase11xsqlreader.HbaseSQLReaderConfig.parse(HbaseSQLReaderConfig.java:71)
	at com.alibaba.datax.plugin.reader.hbase11xsqlreader.HbaseSQLHelper.parseConfig(HbaseSQLHelper.java:112)
	at com.alibaba.datax.plugin.reader.hbase11xsqlreader.HbaseSQLReaderTaskTest.generateSplitConfig(HbaseSQLReaderTaskTest.java:28)
	at com.alibaba.datax.plugin.reader.hbase11xsqlreader.HbaseSQLReaderTaskTest.testReadRecord(HbaseSQLReaderTaskTest.java:36)
	at sun.reflect.NativeMethodAccessorImpl.invoke0(Native Method)
	at sun.reflect.NativeMethodAccessorImpl.invoke(NativeMethodAccessorImpl.java:62)
	at sun.reflect.DelegatingMethodAccessorImpl.invoke(DelegatingMethodAccessorImpl.java:43)
	at java.lang.reflect.Method.invoke(Method.java:498)
	at org.junit.runners.model.FrameworkMethod$1.runReflectiveCall(FrameworkMethod.java:47)
	at org.junit.internal.runners.model.ReflectiveCallable.run(ReflectiveCallable.java:12)
	at org.junit.runners.model.FrameworkMethod.invokeExplosively(FrameworkMethod.java:44)
	at org.junit.internal.runners.statements.InvokeMethod.evaluate(InvokeMethod.java:17)
	at org.junit.runners.ParentRunner.runLeaf(ParentRunner.java:271)
	at org.junit.runners.BlockJUnit4ClassRunner.runChild(BlockJUnit4ClassRunner.java:70)
	at org.junit.runners.BlockJUnit4ClassRunner.runChild(BlockJUnit4ClassRunner.java:50)
	at org.junit.runners.ParentRunner$3.run(ParentRunner.java:238)
	at org.junit.runners.ParentRunner$1.schedule(ParentRunner.java:63)
	at org.junit.runners.ParentRunner.runChildren(ParentRunner.java:236)
	at org.junit.runners.ParentRunner.access$000(ParentRunner.java:53)
	at org.junit.runners.ParentRunner$2.evaluate(ParentRunner.java:229)
	at org.junit.runners.ParentRunner.run(ParentRunner.java:309)
	at org.apache.maven.surefire.junit4.JUnit4Provider.execute(JUnit4Provider.java:252)
	at org.apache.maven.surefire.junit4.JUnit4Provider.executeTestSet(JUnit4Provider.java:141)
	at org.apache.maven.surefire.junit4.JUnit4Provider.invoke(JUnit4Provider.java:112)
	at sun.reflect.NativeMethodAccessorImpl.invoke0(Native Method)
	at sun.reflect.NativeMethodAccessorImpl.invoke(NativeMethodAccessorImpl.java:62)
	at sun.reflect.DelegatingMethodAccessorImpl.invoke(DelegatingMethodAccessorImpl.java:43)
	at java.lang.reflect.Method.invoke(Method.java:498)
	at org.apache.maven.surefire.util.ReflectionUtils.invokeMethodWithArray(ReflectionUtils.java:189)
	at org.apache.maven.surefire.booter.ProviderFactory$ProviderProxy.invoke(ProviderFactory.java:165)
	at org.apache.maven.surefire.booter.ProviderFactory.invokeProvider(ProviderFactory.java:85)
	at org.apache.maven.surefire.booter.ForkedBooter.runSuitesInProcess(ForkedBooter.java:115)
	at org.apache.maven.surefire.booter.ForkedBooter.main(ForkedBooter.java:75)
Caused by: org.apache.hadoop.hbase.client.RetriesExhaustedException: Can&apos;t get the locations
	at org.apache.hadoop.hbase.client.RpcRetryingCallerWithReadReplicas.getRegionLocations(RpcRetryingCallerWithReadReplicas.java:312)
	at org.apache.hadoop.hbase.client.ScannerCallableWithReplicas.call(ScannerCallableWithReplicas.java:156)
	at org.apache.hadoop.hbase.client.ScannerCallableWithReplicas.call(ScannerCallableWithReplicas.java:60)
	at org.apache.hadoop.hbase.client.RpcRetryingCaller.callWithoutRetries(RpcRetryingCaller.java:210)
	at org.apache.hadoop.hbase.client.ClientScanner.call(ClientScanner.java:327)
	at org.apache.hadoop.hbase.client.ClientScanner.nextScanner(ClientScanner.java:302)
	at org.apache.hadoop.hbase.client.ClientScanner.initializeScannerInConstruction(ClientScanner.java:167)
	at org.apache.hadoop.hbase.client.ClientScanner.&lt;init&gt;(ClientScanner.java:162)
	at org.apache.hadoop.hbase.client.HTable.getScanner(HTable.java:797)
	at org.apache.hadoop.hbase.MetaTableAccessor.fullScan(MetaTableAccessor.java:602)
	at org.apache.hadoop.hbase.MetaTableAccessor.tableExists(MetaTableAccessor.java:366)
	at org.apache.hadoop.hbase.client.HBaseAdmin.tableExists(HBaseAdmin.java:403)
	at org.apache.phoenix.query.ConnectionQueryServicesImpl$13.call(ConnectionQueryServicesImpl.java:2402)
	... 43 more
" type="com.alibaba.datax.common.exception.DataXException">com.alibaba.datax.common.exception.DataXException: Code:[Hbasewriter-02], Description:[获取phoenix表的列值错误]. - HBase的columns配置不能为空,请添加目标表的列名配置.org.apache.hadoop.hbase.client.RetriesExhaustedException: Can&apos;t get the locations - java.sql.SQLException: org.apache.hadoop.hbase.client.RetriesExhaustedException: Can&apos;t get the locations
	at org.apache.phoenix.query.ConnectionQueryServicesImpl$13.call(ConnectionQueryServicesImpl.java:2468)
	at org.apache.phoenix.query.ConnectionQueryServicesImpl$13.call(ConnectionQueryServicesImpl.java:2374)
	at org.apache.phoenix.util.PhoenixContextExecutor.call(PhoenixContextExecutor.java:76)
	at org.apache.phoenix.query.ConnectionQueryServicesImpl.init(ConnectionQueryServicesImpl.java:2374)
	at org.apache.phoenix.jdbc.PhoenixDriver.getConnectionQueryServices(PhoenixDriver.java:255)
	at org.apache.phoenix.jdbc.PhoenixEmbeddedDriver.createConnection(PhoenixEmbeddedDriver.java:154)
	at org.apache.phoenix.jdbc.PhoenixDriver.connect(PhoenixDriver.java:221)
	at java.sql.DriverManager.getConnection(DriverManager.java:664)
	at java.sql.DriverManager.getConnection(DriverManager.java:270)
	at com.alibaba.datax.plugin.reader.hbase11xsqlreader.HbaseSQLHelper.getPColumnNames(HbaseSQLHelper.java:67)
	at com.alibaba.datax.plugin.reader.hbase11xsqlreader.HbaseSQLReaderConfig.parseTableConfig(HbaseSQLReaderConfig.java:127)
	at com.alibaba.datax.plugin.reader.hbase11xsqlreader.HbaseSQLReaderConfig.parse(HbaseSQLReaderConfig.java:71)
	at com.alibaba.datax.plugin.reader.hbase11xsqlreader.HbaseSQLHelper.parseConfig(HbaseSQLHelper.java:112)
	at com.alibaba.datax.plugin.reader.hbase11xsqlreader.HbaseSQLReaderTaskTest.generateSplitConfig(HbaseSQLReaderTaskTest.java:28)
	at com.alibaba.datax.plugin.reader.hbase11xsqlreader.HbaseSQLReaderTaskTest.testReadRecord(HbaseSQLReaderTaskTest.java:36)
	at sun.reflect.NativeMethodAccessorImpl.invoke0(Native Method)
	at sun.reflect.NativeMethodAccessorImpl.invoke(NativeMethodAccessorImpl.java:62)
	at sun.reflect.DelegatingMethodAccessorImpl.invoke(DelegatingMethodAccessorImpl.java:43)
	at java.lang.reflect.Method.invoke(Method.java:498)
	at org.junit.runners.model.FrameworkMethod$1.runReflectiveCall(FrameworkMethod.java:47)
	at org.junit.internal.runners.model.ReflectiveCallable.run(ReflectiveCallable.java:12)
	at org.junit.runners.model.FrameworkMethod.invokeExplosively(FrameworkMethod.java:44)
	at org.junit.internal.runners.statements.InvokeMethod.evaluate(InvokeMethod.java:17)
	at org.junit.runners.ParentRunner.runLeaf(ParentRunner.java:271)
	at org.junit.runners.BlockJUnit4ClassRunner.runChild(BlockJUnit4ClassRunner.java:70)
	at org.junit.runners.BlockJUnit4ClassRunner.runChild(BlockJUnit4ClassRunner.java:50)
	at org.junit.runners.ParentRunner$3.run(ParentRunner.java:238)
	at org.junit.runners.ParentRunner$1.schedule(ParentRunner.java:63)
	at org.junit.runners.ParentRunner.runChildren(ParentRunner.java:236)
	at org.junit.runners.ParentRunner.access$000(ParentRunner.java:53)
	at org.junit.runners.ParentRunner$2.evaluate(ParentRunner.java:229)
	at org.junit.runners.ParentRunner.run(ParentRunner.java:309)
	at org.apache.maven.surefire.junit4.JUnit4Provider.execute(JUnit4Provider.java:252)
	at org.apache.maven.surefire.junit4.JUnit4Provider.executeTestSet(JUnit4Provider.java:141)
	at org.apache.maven.surefire.junit4.JUnit4Provider.invoke(JUnit4Provider.java:112)
	at sun.reflect.NativeMethodAccessorImpl.invoke0(Native Method)
	at sun.reflect.NativeMethodAccessorImpl.invoke(NativeMethodAccessorImpl.java:62)
	at sun.reflect.DelegatingMethodAccessorImpl.invoke(DelegatingMethodAccessorImpl.java:43)
	at java.lang.reflect.Method.invoke(Method.java:498)
	at org.apache.maven.surefire.util.ReflectionUtils.invokeMethodWithArray(ReflectionUtils.java:189)
	at org.apache.maven.surefire.booter.ProviderFactory$ProviderProxy.invoke(ProviderFactory.java:165)
	at org.apache.maven.surefire.booter.ProviderFactory.invokeProvider(ProviderFactory.java:85)
	at org.apache.maven.surefire.booter.ForkedBooter.runSuitesInProcess(ForkedBooter.java:115)
	at org.apache.maven.surefire.booter.ForkedBooter.main(ForkedBooter.java:75)
Caused by: org.apache.hadoop.hbase.client.RetriesExhaustedException: Can&apos;t get the locations
	at org.apache.hadoop.hbase.client.RpcRetryingCallerWithReadReplicas.getRegionLocations(RpcRetryingCallerWithReadReplicas.java:312)
	at org.apache.hadoop.hbase.client.ScannerCallableWithReplicas.call(ScannerCallableWithReplicas.java:156)
	at org.apache.hadoop.hbase.client.ScannerCallableWithReplicas.call(ScannerCallableWithReplicas.java:60)
	at org.apache.hadoop.hbase.client.RpcRetryingCaller.callWithoutRetries(RpcRetryingCaller.java:210)
	at org.apache.hadoop.hbase.client.ClientScanner.call(ClientScanner.java:327)
	at org.apache.hadoop.hbase.client.ClientScanner.nextScanner(ClientScanner.java:302)
	at org.apache.hadoop.hbase.client.ClientScanner.initializeScannerInConstruction(ClientScanner.java:167)
	at org.apache.hadoop.hbase.client.ClientScanner.&lt;init&gt;(ClientScanner.java:162)
	at org.apache.hadoop.hbase.client.HTable.getScanner(HTable.java:797)
	at org.apache.hadoop.hbase.MetaTableAccessor.fullScan(MetaTableAccessor.java:602)
	at org.apache.hadoop.hbase.MetaTableAccessor.tableExists(MetaTableAccessor.java:366)
	at org.apache.hadoop.hbase.client.HBaseAdmin.tableExists(HBaseAdmin.java:403)
	at org.apache.phoenix.query.ConnectionQueryServicesImpl$13.call(ConnectionQueryServicesImpl.java:2402)
	... 43 more

	at com.alibaba.datax.common.exception.DataXException.asDataXException(DataXException.java:33)
	at com.alibaba.datax.plugin.reader.hbase11xsqlreader.HbaseSQLReaderConfig.parseTableConfig(HbaseSQLReaderConfig.java:130)
	at com.alibaba.datax.plugin.reader.hbase11xsqlreader.HbaseSQLReaderConfig.parse(HbaseSQLReaderConfig.java:71)
	at com.alibaba.datax.plugin.reader.hbase11xsqlreader.HbaseSQLHelper.parseConfig(HbaseSQLHelper.java:112)
	at com.alibaba.datax.plugin.reader.hbase11xsqlreader.HbaseSQLReaderTaskTest.generateSplitConfig(HbaseSQLReaderTaskTest.java:28)
	at com.alibaba.datax.plugin.reader.hbase11xsqlreader.HbaseSQLReaderTaskTest.testReadRecord(HbaseSQLReaderTaskTest.java:36)
	at sun.reflect.NativeMethodAccessorImpl.invoke0(Native Method)
	at sun.reflect.NativeMethodAccessorImpl.invoke(NativeMethodAccessorImpl.java:62)
	at sun.reflect.DelegatingMethodAccessorImpl.invoke(DelegatingMethodAccessorImpl.java:43)
	at java.lang.reflect.Method.invoke(Method.java:498)
	at org.junit.runners.model.FrameworkMethod$1.runReflectiveCall(FrameworkMethod.java:47)
	at org.junit.internal.runners.model.ReflectiveCallable.run(ReflectiveCallable.java:12)
	at org.junit.runners.model.FrameworkMethod.invokeExplosively(FrameworkMethod.java:44)
	at org.junit.internal.runners.statements.InvokeMethod.evaluate(InvokeMethod.java:17)
	at org.junit.runners.ParentRunner.runLeaf(ParentRunner.java:271)
	at org.junit.runners.BlockJUnit4ClassRunner.runChild(BlockJUnit4ClassRunner.java:70)
	at org.junit.runners.BlockJUnit4ClassRunner.runChild(BlockJUnit4ClassRunner.java:50)
	at org.junit.runners.ParentRunner$3.run(ParentRunner.java:238)
	at org.junit.runners.ParentRunner$1.schedule(ParentRunner.java:63)
	at org.junit.runners.ParentRunner.runChildren(ParentRunner.java:236)
	at org.junit.runners.ParentRunner.access$000(ParentRunner.java:53)
	at org.junit.runners.ParentRunner$2.evaluate(ParentRunner.java:229)
	at org.junit.runners.ParentRunner.run(ParentRunner.java:309)
	at org.apache.maven.surefire.junit4.JUnit4Provider.execute(JUnit4Provider.java:252)
	at org.apache.maven.surefire.junit4.JUnit4Provider.executeTestSet(JUnit4Provider.java:141)
	at org.apache.maven.surefire.junit4.JUnit4Provider.invoke(JUnit4Provider.java:112)
	at sun.reflect.NativeMethodAccessorImpl.invoke0(Native Method)
	at sun.reflect.NativeMethodAccessorImpl.invoke(NativeMethodAccessorImpl.java:62)
	at sun.reflect.DelegatingMethodAccessorImpl.invoke(DelegatingMethodAccessorImpl.java:43)
	at java.lang.reflect.Method.invoke(Method.java:498)
	at org.apache.maven.surefire.util.ReflectionUtils.invokeMethodWithArray(ReflectionUtils.java:189)
	at org.apache.maven.surefire.booter.ProviderFactory$ProviderProxy.invoke(ProviderFactory.java:165)
	at org.apache.maven.surefire.booter.ProviderFactory.invokeProvider(ProviderFactory.java:85)
	at org.apache.maven.surefire.booter.ForkedBooter.runSuitesInProcess(ForkedBooter.java:115)
	at org.apache.maven.surefire.booter.ForkedBooter.main(ForkedBooter.java:75)
Caused by: java.sql.SQLException: org.apache.hadoop.hbase.client.RetriesExhaustedException: Can&apos;t get the locations
	at org.apache.phoenix.query.ConnectionQueryServicesImpl$13.call(ConnectionQueryServicesImpl.java:2468)
	at org.apache.phoenix.query.ConnectionQueryServicesImpl$13.call(ConnectionQueryServicesImpl.java:2374)
	at org.apache.phoenix.util.PhoenixContextExecutor.call(PhoenixContextExecutor.java:76)
	at org.apache.phoenix.query.ConnectionQueryServicesImpl.init(ConnectionQueryServicesImpl.java:2374)
	at org.apache.phoenix.jdbc.PhoenixDriver.getConnectionQueryServices(PhoenixDriver.java:255)
	at org.apache.phoenix.jdbc.PhoenixEmbeddedDriver.createConnection(PhoenixEmbeddedDriver.java:154)
	at org.apache.phoenix.jdbc.PhoenixDriver.connect(PhoenixDriver.java:221)
	at java.sql.DriverManager.getConnection(DriverManager.java:664)
	at java.sql.DriverManager.getConnection(DriverManager.java:270)
	at com.alibaba.datax.plugin.reader.hbase11xsqlreader.HbaseSQLHelper.getPColumnNames(HbaseSQLHelper.java:67)
	at com.alibaba.datax.plugin.reader.hbase11xsqlreader.HbaseSQLReaderConfig.parseTableConfig(HbaseSQLReaderConfig.java:127)
	... 33 more
Caused by: org.apache.hadoop.hbase.client.RetriesExhaustedException: Can&apos;t get the locations
	at org.apache.hadoop.hbase.client.RpcRetryingCallerWithReadReplicas.getRegionLocations(RpcRetryingCallerWithReadReplicas.java:312)
	at org.apache.hadoop.hbase.client.ScannerCallableWithReplicas.call(ScannerCallableWithReplicas.java:156)
	at org.apache.hadoop.hbase.client.ScannerCallableWithReplicas.call(ScannerCallableWithReplicas.java:60)
	at org.apache.hadoop.hbase.client.RpcRetryingCaller.callWithoutRetries(RpcRetryingCaller.java:210)
	at org.apache.hadoop.hbase.client.ClientScanner.call(ClientScanner.java:327)
	at org.apache.hadoop.hbase.client.ClientScanner.nextScanner(ClientScanner.java:302)
	at org.apache.hadoop.hbase.client.ClientScanner.initializeScannerInConstruction(ClientScanner.java:167)
	at org.apache.hadoop.hbase.client.ClientScanner.&lt;init&gt;(ClientScanner.java:162)
	at org.apache.hadoop.hbase.client.HTable.getScanner(HTable.java:797)
	at org.apache.hadoop.hbase.MetaTableAccessor.fullScan(MetaTableAccessor.java:602)
	at org.apache.hadoop.hbase.MetaTableAccessor.tableExists(MetaTableAccessor.java:366)
	at org.apache.hadoop.hbase.client.HBaseAdmin.tableExists(HBaseAdmin.java:403)
	at org.apache.phoenix.query.ConnectionQueryServicesImpl$13.call(ConnectionQueryServicesImpl.java:2402)
	... 43 more
</error>
    <system-out>17:53:23.883 [main] DEBUG o.a.p.j.PhoenixEmbeddedDriver$ConnectionInfo - Principal and keytab not provided, not attempting Kerberos login
17:53:23.933 [main] INFO  o.a.p.q.ConnectionQueryServicesImpl - An instance of ConnectionQueryServices was created.
17:53:23.934 [main] INFO  org.apache.zookeeper.ZooKeeper - Initiating client connection, connectString=hb-proxy-pub-xxx-001.hbase.rds.aliyuncs.com:2181,hb-proxy-pub-xxx-002.hbase.rds.aliyuncs.com:2181,hb-proxy-pub-xxx-003.hbase.rds.aliyuncs.com:2181 sessionTimeout=90000 watcher=hconnection-0x2c78324b0x0, quorum=hb-proxy-pub-xxx-001.hbase.rds.aliyuncs.com:2181,hb-proxy-pub-xxx-002.hbase.rds.aliyuncs.com:2181,hb-proxy-pub-xxx-003.hbase.rds.aliyuncs.com:2181, baseZNode=/hbase
17:53:23.934 [main] INFO  org.apache.zookeeper.ZooKeeper - Initiating client connection, connectString=hb-proxy-pub-xxx-001.hbase.rds.aliyuncs.com:2181,hb-proxy-pub-xxx-002.hbase.rds.aliyuncs.com:2181,hb-proxy-pub-xxx-003.hbase.rds.aliyuncs.com:2181 sessionTimeout=90000 watcher=hconnection-0x2c78324b0x0, quorum=hb-proxy-pub-xxx-001.hbase.rds.aliyuncs.com:2181,hb-proxy-pub-xxx-002.hbase.rds.aliyuncs.com:2181,hb-proxy-pub-xxx-003.hbase.rds.aliyuncs.com:2181, baseZNode=/hbase
17:53:24.935 [main] INFO  org.apache.zookeeper.ZooKeeper - Initiating client connection, connectString=hb-proxy-pub-xxx-001.hbase.rds.aliyuncs.com:2181,hb-proxy-pub-xxx-002.hbase.rds.aliyuncs.com:2181,hb-proxy-pub-xxx-003.hbase.rds.aliyuncs.com:2181 sessionTimeout=90000 watcher=hconnection-0x2c78324b0x0, quorum=hb-proxy-pub-xxx-001.hbase.rds.aliyuncs.com:2181,hb-proxy-pub-xxx-002.hbase.rds.aliyuncs.com:2181,hb-proxy-pub-xxx-003.hbase.rds.aliyuncs.com:2181, baseZNode=/hbase
17:53:26.936 [main] INFO  org.apache.zookeeper.ZooKeeper - Initiating client connection, connectString=hb-proxy-pub-xxx-001.hbase.rds.aliyuncs.com:2181,hb-proxy-pub-xxx-002.hbase.rds.aliyuncs.com:2181,hb-proxy-pub-xxx-003.hbase.rds.aliyuncs.com:2181 sessionTimeout=90000 watcher=hconnection-0x2c78324b0x0, quorum=hb-proxy-pub-xxx-001.hbase.rds.aliyuncs.com:2181,hb-proxy-pub-xxx-002.hbase.rds.aliyuncs.com:2181,hb-proxy-pub-xxx-003.hbase.rds.aliyuncs.com:2181, baseZNode=/hbase
17:53:30.936 [main] INFO  org.apache.zookeeper.ZooKeeper - Initiating client connection, connectString=hb-proxy-pub-xxx-001.hbase.rds.aliyuncs.com:2181,hb-proxy-pub-xxx-002.hbase.rds.aliyuncs.com:2181,hb-proxy-pub-xxx-003.hbase.rds.aliyuncs.com:2181 sessionTimeout=90000 watcher=hconnection-0x2c78324b0x0, quorum=hb-proxy-pub-xxx-001.hbase.rds.aliyuncs.com:2181,hb-proxy-pub-xxx-002.hbase.rds.aliyuncs.com:2181,hb-proxy-pub-xxx-003.hbase.rds.aliyuncs.com:2181, baseZNode=/hbase
17:53:38.937 [main] INFO  org.apache.zookeeper.ZooKeeper - Initiating client connection, connectString=hb-proxy-pub-xxx-001.hbase.rds.aliyuncs.com:2181,hb-proxy-pub-xxx-002.hbase.rds.aliyuncs.com:2181,hb-proxy-pub-xxx-003.hbase.rds.aliyuncs.com:2181 sessionTimeout=90000 watcher=hconnection-0x2c78324b0x0, quorum=hb-proxy-pub-xxx-001.hbase.rds.aliyuncs.com:2181,hb-proxy-pub-xxx-002.hbase.rds.aliyuncs.com:2181,hb-proxy-pub-xxx-003.hbase.rds.aliyuncs.com:2181, baseZNode=/hbase
17:53:38.991 [main] INFO  o.a.p.q.ConnectionQueryServicesImpl - HConnection established. Stacktrace for informational purposes: hconnection-0x2c78324b
17:53:38.991 [main] INFO  org.apache.zookeeper.ZooKeeper - Initiating client connection, connectString=hb-proxy-pub-xxx-001.hbase.rds.aliyuncs.com:2181,hb-proxy-pub-xxx-002.hbase.rds.aliyuncs.com:2181,hb-proxy-pub-xxx-003.hbase.rds.aliyuncs.com:2181 sessionTimeout=90000 watcher=hconnection-0x2c78324b0x0, quorum=hb-proxy-pub-xxx-001.hbase.rds.aliyuncs.com:2181,hb-proxy-pub-xxx-002.hbase.rds.aliyuncs.com:2181,hb-proxy-pub-xxx-003.hbase.rds.aliyuncs.com:2181, baseZNode=/hbase
17:53:39.991 [main] INFO  org.apache.zookeeper.ZooKeeper - Initiating client connection, connectString=hb-proxy-pub-xxx-001.hbase.rds.aliyuncs.com:2181,hb-proxy-pub-xxx-002.hbase.rds.aliyuncs.com:2181,hb-proxy-pub-xxx-003.hbase.rds.aliyuncs.com:2181 sessionTimeout=90000 watcher=hconnection-0x2c78324b0x0, quorum=hb-proxy-pub-xxx-001.hbase.rds.aliyuncs.com:2181,hb-proxy-pub-xxx-002.hbase.rds.aliyuncs.com:2181,hb-proxy-pub-xxx-003.hbase.rds.aliyuncs.com:2181, baseZNode=/hbase
17:53:41.992 [main] INFO  org.apache.zookeeper.ZooKeeper - Initiating client connection, connectString=hb-proxy-pub-xxx-001.hbase.rds.aliyuncs.com:2181,hb-proxy-pub-xxx-002.hbase.rds.aliyuncs.com:2181,hb-proxy-pub-xxx-003.hbase.rds.aliyuncs.com:2181 sessionTimeout=90000 watcher=hconnection-0x2c78324b0x0, quorum=hb-proxy-pub-xxx-001.hbase.rds.aliyuncs.com:2181,hb-proxy-pub-xxx-002.hbase.rds.aliyuncs.com:2181,hb-proxy-pub-xxx-003.hbase.rds.aliyuncs.com:2181, baseZNode=/hbase
17:53:45.992 [main] INFO  org.apache.zookeeper.ZooKeeper - Initiating client connection, connectString=hb-proxy-pub-xxx-001.hbase.rds.aliyuncs.com:2181,hb-proxy-pub-xxx-002.hbase.rds.aliyuncs.com:2181,hb-proxy-pub-xxx-003.hbase.rds.aliyuncs.com:2181 sessionTimeout=90000 watcher=hconnection-0x2c78324b0x0, quorum=hb-proxy-pub-xxx-001.hbase.rds.aliyuncs.com:2181,hb-proxy-pub-xxx-002.hbase.rds.aliyuncs.com:2181,hb-proxy-pub-xxx-003.hbase.rds.aliyuncs.com:2181, baseZNode=/hbase
17:53:53.992 [main] INFO  org.apache.zookeeper.ZooKeeper - Initiating client connection, connectString=hb-proxy-pub-xxx-001.hbase.rds.aliyuncs.com:2181,hb-proxy-pub-xxx-002.hbase.rds.aliyuncs.com:2181,hb-proxy-pub-xxx-003.hbase.rds.aliyuncs.com:2181 sessionTimeout=90000 watcher=hconnection-0x2c78324b0x0, quorum=hb-proxy-pub-xxx-001.hbase.rds.aliyuncs.com:2181,hb-proxy-pub-xxx-002.hbase.rds.aliyuncs.com:2181,hb-proxy-pub-xxx-003.hbase.rds.aliyuncs.com:2181, baseZNode=/hbase
17:53:54.045 [main] INFO  org.apache.zookeeper.ZooKeeper - Initiating client connection, connectString=hb-proxy-pub-xxx-001.hbase.rds.aliyuncs.com:2181,hb-proxy-pub-xxx-002.hbase.rds.aliyuncs.com:2181,hb-proxy-pub-xxx-003.hbase.rds.aliyuncs.com:2181 sessionTimeout=90000 watcher=hconnection-0x2c78324b0x0, quorum=hb-proxy-pub-xxx-001.hbase.rds.aliyuncs.com:2181,hb-proxy-pub-xxx-002.hbase.rds.aliyuncs.com:2181,hb-proxy-pub-xxx-003.hbase.rds.aliyuncs.com:2181, baseZNode=/hbase
17:53:55.045 [main] INFO  org.apache.zookeeper.ZooKeeper - Initiating client connection, connectString=hb-proxy-pub-xxx-001.hbase.rds.aliyuncs.com:2181,hb-proxy-pub-xxx-002.hbase.rds.aliyuncs.com:2181,hb-proxy-pub-xxx-003.hbase.rds.aliyuncs.com:2181 sessionTimeout=90000 watcher=hconnection-0x2c78324b0x0, quorum=hb-proxy-pub-xxx-001.hbase.rds.aliyuncs.com:2181,hb-proxy-pub-xxx-002.hbase.rds.aliyuncs.com:2181,hb-proxy-pub-xxx-003.hbase.rds.aliyuncs.com:2181, baseZNode=/hbase
17:53:57.046 [main] INFO  org.apache.zookeeper.ZooKeeper - Initiating client connection, connectString=hb-proxy-pub-xxx-001.hbase.rds.aliyuncs.com:2181,hb-proxy-pub-xxx-002.hbase.rds.aliyuncs.com:2181,hb-proxy-pub-xxx-003.hbase.rds.aliyuncs.com:2181 sessionTimeout=90000 watcher=hconnection-0x2c78324b0x0, quorum=hb-proxy-pub-xxx-001.hbase.rds.aliyuncs.com:2181,hb-proxy-pub-xxx-002.hbase.rds.aliyuncs.com:2181,hb-proxy-pub-xxx-003.hbase.rds.aliyuncs.com:2181, baseZNode=/hbase
17:54:01.047 [main] INFO  org.apache.zookeeper.ZooKeeper - Initiating client connection, connectString=hb-proxy-pub-xxx-001.hbase.rds.aliyuncs.com:2181,hb-proxy-pub-xxx-002.hbase.rds.aliyuncs.com:2181,hb-proxy-pub-xxx-003.hbase.rds.aliyuncs.com:2181 sessionTimeout=90000 watcher=hconnection-0x2c78324b0x0, quorum=hb-proxy-pub-xxx-001.hbase.rds.aliyuncs.com:2181,hb-proxy-pub-xxx-002.hbase.rds.aliyuncs.com:2181,hb-proxy-pub-xxx-003.hbase.rds.aliyuncs.com:2181, baseZNode=/hbase
17:54:09.047 [main] INFO  org.apache.zookeeper.ZooKeeper - Initiating client connection, connectString=hb-proxy-pub-xxx-001.hbase.rds.aliyuncs.com:2181,hb-proxy-pub-xxx-002.hbase.rds.aliyuncs.com:2181,hb-proxy-pub-xxx-003.hbase.rds.aliyuncs.com:2181 sessionTimeout=90000 watcher=hconnection-0x2c78324b0x0, quorum=hb-proxy-pub-xxx-001.hbase.rds.aliyuncs.com:2181,hb-proxy-pub-xxx-002.hbase.rds.aliyuncs.com:2181,hb-proxy-pub-xxx-003.hbase.rds.aliyuncs.com:2181, baseZNode=/hbase
17:54:09.497 [main] INFO  org.apache.zookeeper.ZooKeeper - Initiating client connection, connectString=hb-proxy-pub-xxx-001.hbase.rds.aliyuncs.com:2181,hb-proxy-pub-xxx-002.hbase.rds.aliyuncs.com:2181,hb-proxy-pub-xxx-003.hbase.rds.aliyuncs.com:2181 sessionTimeout=90000 watcher=hconnection-0x2c78324b0x0, quorum=hb-proxy-pub-xxx-001.hbase.rds.aliyuncs.com:2181,hb-proxy-pub-xxx-002.hbase.rds.aliyuncs.com:2181,hb-proxy-pub-xxx-003.hbase.rds.aliyuncs.com:2181, baseZNode=/hbase
17:54:10.501 [main] INFO  org.apache.zookeeper.ZooKeeper - Initiating client connection, connectString=hb-proxy-pub-xxx-001.hbase.rds.aliyuncs.com:2181,hb-proxy-pub-xxx-002.hbase.rds.aliyuncs.com:2181,hb-proxy-pub-xxx-003.hbase.rds.aliyuncs.com:2181 sessionTimeout=90000 watcher=hconnection-0x2c78324b0x0, quorum=hb-proxy-pub-xxx-001.hbase.rds.aliyuncs.com:2181,hb-proxy-pub-xxx-002.hbase.rds.aliyuncs.com:2181,hb-proxy-pub-xxx-003.hbase.rds.aliyuncs.com:2181, baseZNode=/hbase
17:54:12.502 [main] INFO  org.apache.zookeeper.ZooKeeper - Initiating client connection, connectString=hb-proxy-pub-xxx-001.hbase.rds.aliyuncs.com:2181,hb-proxy-pub-xxx-002.hbase.rds.aliyuncs.com:2181,hb-proxy-pub-xxx-003.hbase.rds.aliyuncs.com:2181 sessionTimeout=90000 watcher=hconnection-0x2c78324b0x0, quorum=hb-proxy-pub-xxx-001.hbase.rds.aliyuncs.com:2181,hb-proxy-pub-xxx-002.hbase.rds.aliyuncs.com:2181,hb-proxy-pub-xxx-003.hbase.rds.aliyuncs.com:2181, baseZNode=/hbase
17:54:16.502 [main] INFO  org.apache.zookeeper.ZooKeeper - Initiating client connection, connectString=hb-proxy-pub-xxx-001.hbase.rds.aliyuncs.com:2181,hb-proxy-pub-xxx-002.hbase.rds.aliyuncs.com:2181,hb-proxy-pub-xxx-003.hbase.rds.aliyuncs.com:2181 sessionTimeout=90000 watcher=hconnection-0x2c78324b0x0, quorum=hb-proxy-pub-xxx-001.hbase.rds.aliyuncs.com:2181,hb-proxy-pub-xxx-002.hbase.rds.aliyuncs.com:2181,hb-proxy-pub-xxx-003.hbase.rds.aliyuncs.com:2181, baseZNode=/hbase
17:54:24.502 [main] INFO  org.apache.zookeeper.ZooKeeper - Initiating client connection, connectString=hb-proxy-pub-xxx-001.hbase.rds.aliyuncs.com:2181,hb-proxy-pub-xxx-002.hbase.rds.aliyuncs.com:2181,hb-proxy-pub-xxx-003.hbase.rds.aliyuncs.com:2181 sessionTimeout=90000 watcher=hconnection-0x2c78324b0x0, quorum=hb-proxy-pub-xxx-001.hbase.rds.aliyuncs.com:2181,hb-proxy-pub-xxx-002.hbase.rds.aliyuncs.com:2181,hb-proxy-pub-xxx-003.hbase.rds.aliyuncs.com:2181, baseZNode=/hbase
17:54:24.754 [main] INFO  org.apache.zookeeper.ZooKeeper - Initiating client connection, connectString=hb-proxy-pub-xxx-001.hbase.rds.aliyuncs.com:2181,hb-proxy-pub-xxx-002.hbase.rds.aliyuncs.com:2181,hb-proxy-pub-xxx-003.hbase.rds.aliyuncs.com:2181 sessionTimeout=90000 watcher=hconnection-0x2c78324b0x0, quorum=hb-proxy-pub-xxx-001.hbase.rds.aliyuncs.com:2181,hb-proxy-pub-xxx-002.hbase.rds.aliyuncs.com:2181,hb-proxy-pub-xxx-003.hbase.rds.aliyuncs.com:2181, baseZNode=/hbase
17:54:25.754 [main] INFO  org.apache.zookeeper.ZooKeeper - Initiating client connection, connectString=hb-proxy-pub-xxx-001.hbase.rds.aliyuncs.com:2181,hb-proxy-pub-xxx-002.hbase.rds.aliyuncs.com:2181,hb-proxy-pub-xxx-003.hbase.rds.aliyuncs.com:2181 sessionTimeout=90000 watcher=hconnection-0x2c78324b0x0, quorum=hb-proxy-pub-xxx-001.hbase.rds.aliyuncs.com:2181,hb-proxy-pub-xxx-002.hbase.rds.aliyuncs.com:2181,hb-proxy-pub-xxx-003.hbase.rds.aliyuncs.com:2181, baseZNode=/hbase
17:54:27.755 [main] INFO  org.apache.zookeeper.ZooKeeper - Initiating client connection, connectString=hb-proxy-pub-xxx-001.hbase.rds.aliyuncs.com:2181,hb-proxy-pub-xxx-002.hbase.rds.aliyuncs.com:2181,hb-proxy-pub-xxx-003.hbase.rds.aliyuncs.com:2181 sessionTimeout=90000 watcher=hconnection-0x2c78324b0x0, quorum=hb-proxy-pub-xxx-001.hbase.rds.aliyuncs.com:2181,hb-proxy-pub-xxx-002.hbase.rds.aliyuncs.com:2181,hb-proxy-pub-xxx-003.hbase.rds.aliyuncs.com:2181, baseZNode=/hbase
17:54:31.755 [main] INFO  org.apache.zookeeper.ZooKeeper - Initiating client connection, connectString=hb-proxy-pub-xxx-001.hbase.rds.aliyuncs.com:2181,hb-proxy-pub-xxx-002.hbase.rds.aliyuncs.com:2181,hb-proxy-pub-xxx-003.hbase.rds.aliyuncs.com:2181 sessionTimeout=90000 watcher=hconnection-0x2c78324b0x0, quorum=hb-proxy-pub-xxx-001.hbase.rds.aliyuncs.com:2181,hb-proxy-pub-xxx-002.hbase.rds.aliyuncs.com:2181,hb-proxy-pub-xxx-003.hbase.rds.aliyuncs.com:2181, baseZNode=/hbase
17:54:39.756 [main] INFO  org.apache.zookeeper.ZooKeeper - Initiating client connection, connectString=hb-proxy-pub-xxx-001.hbase.rds.aliyuncs.com:2181,hb-proxy-pub-xxx-002.hbase.rds.aliyuncs.com:2181,hb-proxy-pub-xxx-003.hbase.rds.aliyuncs.com:2181 sessionTimeout=90000 watcher=hconnection-0x2c78324b0x0, quorum=hb-proxy-pub-xxx-001.hbase.rds.aliyuncs.com:2181,hb-proxy-pub-xxx-002.hbase.rds.aliyuncs.com:2181,hb-proxy-pub-xxx-003.hbase.rds.aliyuncs.com:2181, baseZNode=/hbase
17:54:40.029 [main] INFO  org.apache.zookeeper.ZooKeeper - Initiating client connection, connectString=hb-proxy-pub-xxx-001.hbase.rds.aliyuncs.com:2181,hb-proxy-pub-xxx-002.hbase.rds.aliyuncs.com:2181,hb-proxy-pub-xxx-003.hbase.rds.aliyuncs.com:2181 sessionTimeout=90000 watcher=hconnection-0x2c78324b0x0, quorum=hb-proxy-pub-xxx-001.hbase.rds.aliyuncs.com:2181,hb-proxy-pub-xxx-002.hbase.rds.aliyuncs.com:2181,hb-proxy-pub-xxx-003.hbase.rds.aliyuncs.com:2181, baseZNode=/hbase
17:54:41.029 [main] INFO  org.apache.zookeeper.ZooKeeper - Initiating client connection, connectString=hb-proxy-pub-xxx-001.hbase.rds.aliyuncs.com:2181,hb-proxy-pub-xxx-002.hbase.rds.aliyuncs.com:2181,hb-proxy-pub-xxx-003.hbase.rds.aliyuncs.com:2181 sessionTimeout=90000 watcher=hconnection-0x2c78324b0x0, quorum=hb-proxy-pub-xxx-001.hbase.rds.aliyuncs.com:2181,hb-proxy-pub-xxx-002.hbase.rds.aliyuncs.com:2181,hb-proxy-pub-xxx-003.hbase.rds.aliyuncs.com:2181, baseZNode=/hbase
17:54:43.030 [main] INFO  org.apache.zookeeper.ZooKeeper - Initiating client connection, connectString=hb-proxy-pub-xxx-001.hbase.rds.aliyuncs.com:2181,hb-proxy-pub-xxx-002.hbase.rds.aliyuncs.com:2181,hb-proxy-pub-xxx-003.hbase.rds.aliyuncs.com:2181 sessionTimeout=90000 watcher=hconnection-0x2c78324b0x0, quorum=hb-proxy-pub-xxx-001.hbase.rds.aliyuncs.com:2181,hb-proxy-pub-xxx-002.hbase.rds.aliyuncs.com:2181,hb-proxy-pub-xxx-003.hbase.rds.aliyuncs.com:2181, baseZNode=/hbase
17:54:47.031 [main] INFO  org.apache.zookeeper.ZooKeeper - Initiating client connection, connectString=hb-proxy-pub-xxx-001.hbase.rds.aliyuncs.com:2181,hb-proxy-pub-xxx-002.hbase.rds.aliyuncs.com:2181,hb-proxy-pub-xxx-003.hbase.rds.aliyuncs.com:2181 sessionTimeout=90000 watcher=hconnection-0x2c78324b0x0, quorum=hb-proxy-pub-xxx-001.hbase.rds.aliyuncs.com:2181,hb-proxy-pub-xxx-002.hbase.rds.aliyuncs.com:2181,hb-proxy-pub-xxx-003.hbase.rds.aliyuncs.com:2181, baseZNode=/hbase
17:54:55.031 [main] INFO  org.apache.zookeeper.ZooKeeper - Initiating client connection, connectString=hb-proxy-pub-xxx-001.hbase.rds.aliyuncs.com:2181,hb-proxy-pub-xxx-002.hbase.rds.aliyuncs.com:2181,hb-proxy-pub-xxx-003.hbase.rds.aliyuncs.com:2181 sessionTimeout=90000 watcher=hconnection-0x2c78324b0x0, quorum=hb-proxy-pub-xxx-001.hbase.rds.aliyuncs.com:2181,hb-proxy-pub-xxx-002.hbase.rds.aliyuncs.com:2181,hb-proxy-pub-xxx-003.hbase.rds.aliyuncs.com:2181, baseZNode=/hbase
17:54:55.084 [main] DEBUG o.apache.phoenix.jdbc.PhoenixDriver - Expiring hb-proxy-pub-xxx-001.hbase.rds.aliyuncs.com,hb-proxy-pub-xxx-002.hbase.rds.aliyuncs.com,hb-proxy-pub-xxx-003.hbase.rds.aliyuncs.com:2181:/hbase because of EXPLICIT
</system-out>
  </testcase>
</testsuite>