<?xml version="1.0" encoding="UTF-8" ?>
<testsuite tests="2" failures="0" name="com.alibaba.datax.plugin.reader.hbase11xsqlreader.HbaseSQLHelperTest" time="202.58" errors="2" skipped="0">
  <properties>
[...]
</properties>
  <testcase classname="com.alibaba.datax.plugin.reader.hbase11xsqlreader.HbaseSQLHelperTest" name="testParseConfig" time="110.984">
    <error message="Code:[Hbasewriter-02], Description:[获取phoenix表的列值错误]. - HBase的columns配置不能为空,请添加目标表的列名配置.org.apache.hadoop.hbase.client.RetriesExhaustedException: Can&apos;t get the locations - java.sql.SQLException: org.apache.hadoop.hbase.client.RetriesExhaustedException: Can&apos;t get the locations
	at org.apache.phoenix.query.ConnectionQueryServicesImpl$13.call(ConnectionQueryServicesImpl.java:2468)
	at org.apache.phoenix.query.ConnectionQueryServicesImpl$13.call(ConnectionQueryServicesImpl.java:2374)
	at org.apache.phoenix.util.PhoenixContextExecutor.call(PhoenixContextExecutor.java:76)
	at org.apache.phoenix.query.ConnectionQueryServicesImpl.init(ConnectionQueryServicesImpl.java:2374)
	at org.apache.phoenix.jdbc.PhoenixDriver.getConnectionQueryServices(PhoenixDriver.java:255)
	at org.apache.phoenix.jdbc.PhoenixEmbeddedDriver.createConnection(PhoenixEmbeddedDriver.java:154)
	at org.apache.phoenix.jdbc.PhoenixDriver.connect(PhoenixDriver.java:221)
	at java.sql.DriverManager.getConnection(DriverManager.java:664)
	at java.sql.DriverManager.getConnection(DriverManager.java:270)
	at com.alibaba.datax.plugin.reader.hbase11xsqlreader.HbaseSQLHelper.getPColumnNames(HbaseSQLHelper.java:67)
	at com.alibaba.datax.plugin.reader.hbase11xsqlreader.HbaseSQLReaderConfig.parseTableConfig(HbaseSQLReaderConfig.java:127)
	at com.alibaba.datax.plugin.reader.hbase11xsqlreader.HbaseSQLReaderConfig.parse(HbaseSQLReaderConfig.java:71)
	at com.alibaba.datax.plugin.reader.hbase11xsqlreader.HbaseSQLHelper.parseConfig(HbaseSQLHelper.java:112)
	at com.alibaba.datax.plugin.reader.hbase11xsqlreader.HbaseSQLHelperTest.testParseConfig(HbaseSQLHelperTest.java:27)
	at sun.reflect.NativeMethodAccessorImpl.invoke0(Native Method)
	at sun.reflect.NativeMethodAccessorImpl.invoke(NativeMethodAccessorImpl.java:62)
	at sun.reflect.DelegatingMethodAccessorImpl.invoke(DelegatingMethodAccessorImpl.java:43)
	at java.lang.reflect.Method.invoke(Method.java:498)
	at org.junit.runners.model.FrameworkMethod$1.runReflectiveCall(FrameworkMethod.java:47)
	at org.junit.internal.runners.model.ReflectiveCallable.run(ReflectiveCallable.java:12)
	at org.junit.runners.model.FrameworkMethod.invokeExplosively(FrameworkMethod.java:44)
	at org.junit.internal.runners.statements.InvokeMethod.evaluate(InvokeMethod.java:17)
	at org.junit.runners.ParentRunner.runLeaf(ParentRunner.java:271)
	at org.junit.runners.BlockJUnit4ClassRunner.runChild(BlockJUnit4ClassRunner.java:70)
	at org.junit.runners.BlockJUnit4ClassRunner.runChild(BlockJUnit4ClassRunner.java:50)
	at org.junit.runners.ParentRunner$3.run(ParentRunner.java:238)
	at org.junit.runners.ParentRunner$1.schedule(ParentRunner.java:63)
	at org.junit.runners.ParentRunner.runChildren(ParentRunner.java:236)
	at org.junit.runners.ParentRunner.access$000(ParentRunner.java:53)
	at org.junit.runners.ParentRunner$2.evaluate(ParentRunner.java:229)
	at org.junit.runners.ParentRunner.run(ParentRunner.java:309)
	at org.apache.maven.surefire.junit4.JUnit4Provider.execute(JUnit4Provider.java:252)
	at org.apache.maven.surefire.junit4.JUnit4Provider.executeTestSet(JUnit4Provider.java:141)
	at org.apache.maven.surefire.junit4.JUnit4Provider.invoke(JUnit4Provider.java:112)
	at sun.reflect.NativeMethodAccessorImpl.invoke0(Native Method)
	at sun.reflect.NativeMethodAccessorImpl.invoke(NativeMethodAccessorImpl.java:62)
	at sun.reflect.DelegatingMethodAccessorImpl.invoke(DelegatingMethodAccessorImpl.java:43)
	at java.lang.reflect.Method.invoke(Method.java:498)
	at org.apache.maven.surefire.util.ReflectionUtils.invokeMethodWithArray(ReflectionUtils.java:189)
	at org.apache.maven.surefire.booter.ProviderFactory$ProviderProxy.invoke(ProviderFactory.java:165)
	at org.apache.maven.surefire.booter.ProviderFactory.invokeProvider(ProviderFactory.java:85)
	at org.apache.maven.surefire.booter.ForkedBooter.runSuitesInProcess(ForkedBooter.java:115)
	at org.apache.maven.surefire.booter.ForkedBooter.main(ForkedBooter.java:75)
Caused by: org.apache.hadoop.hbase.client.RetriesExhaustedException: Can&apos;t get the locations
	at org.apache.hadoop.hbase.client.RpcRetryingCallerWithReadReplicas.getRegionLocations(RpcRetryingCallerWithReadReplicas.java:312)
	at org.apache.hadoop.hbase.client.ScannerCallableWithReplicas.call(ScannerCallableWithReplicas.java:156)
	at org.apache.hadoop.hbase.client.ScannerCallableWithReplicas.call(ScannerCallableWithReplicas.java:60)
	at org.apache.hadoop.hbase.client.RpcRetryingCaller.callWithoutRetries(RpcRetryingCaller.java:210)
	at org.apache.hadoop.hbase.client.ClientScanner.call(ClientScanner.java:327)
	at org.apache.hadoop.hbase.client.ClientScanner.nextScanner(ClientScanner.java:302)
	at org.apache.hadoop.hbase.client.ClientScanner.initializeScannerInConstruction(ClientScanner.java:167)
	at org.apache.hadoop.hbase.client.ClientScanner.&lt;init&gt;(ClientScanner.java:162)
	at org.apache.hadoop.hbase.client.HTable.getScanner(HTable.java:797)
	at org.apache.hadoop.hbase.MetaTableAccessor.fullScan(MetaTableAccessor.java:602)
	at org.apache.hadoop.hbase.MetaTableAccessor.tableExists(MetaTableAccessor.java:366)
	at org.apache.hadoop.hbase.client.HBaseAdmin.tableExists(HBaseAdmin.java:403)
	at org.apache.phoenix.query.ConnectionQueryServicesImpl$13.call(ConnectionQueryServicesImpl.java:2402)
	... 42 more
" type="com.alibaba.datax.common.exception.DataXException">com.alibaba.datax.common.exception.DataXException: Code:[Hbasewriter-02], Description:[获取phoenix表的列值错误]. - HBase的columns配置不能为空,请添加目标表的列名配置.org.apache.hadoop.hbase.client.RetriesExhaustedException: Can&apos;t get the locations - java.sql.SQLException: org.apache.hadoop.hbase.client.RetriesExhaustedException: Can&apos;t get the locations
	at org.apache.phoenix.query.ConnectionQueryServicesImpl$13.call(ConnectionQueryServicesImpl.java:2468)
	at org.apache.phoenix.query.ConnectionQueryServicesImpl$13.call(ConnectionQueryServicesImpl.java:2374)
	at org.apache.phoenix.util.PhoenixContextExecutor.call(PhoenixContextExecutor.java:76)
	at org.apache.phoenix.query.ConnectionQueryServicesImpl.init(ConnectionQueryServicesImpl.java:2374)
	at org.apache.phoenix.jdbc.PhoenixDriver.getConnectionQueryServices(PhoenixDriver.java:255)
	at org.apache.phoenix.jdbc.PhoenixEmbeddedDriver.createConnection(PhoenixEmbeddedDriver.java:154)
	at org.apache.phoenix.jdbc.PhoenixDriver.connect(PhoenixDriver.java:221)
	at java.sql.DriverManager.getConnection(DriverManager.java:664)
	at java.sql.DriverManager.getConnection(DriverManager.java:270)
	at com.alibaba.datax.plugin.reader.hbase11xsqlreader.HbaseSQLHelper.getPColumnNames(HbaseSQLHelper.java:67)
	at com.alibaba.datax.plugin.reader.hbase11xsqlreader.HbaseSQLReaderConfig.parseTableConfig(HbaseSQLReaderConfig.java:127)
	at com.alibaba.datax.plugin.reader.hbase11xsqlreader.HbaseSQLReaderConfig.parse(HbaseSQLReaderConfig.java:71)
	at com.alibaba.datax.plugin.reader.hbase11xsqlreader.HbaseSQLHelper.parseConfig(HbaseSQLHelper.java:112)
	at com.alibaba.datax.plugin.reader.hbase11xsqlreader.HbaseSQLHelperTest.testParseConfig(HbaseSQLHelperTest.java:27)
	at sun.reflect.NativeMethodAccessorImpl.invoke0(Native Method)
	at sun.reflect.NativeMethodAccessorImpl.invoke(NativeMethodAccessorImpl.java:62)
	at sun.reflect.DelegatingMethodAccessorImpl.invoke(DelegatingMethodAccessorImpl.java:43)
	at java.lang.reflect.Method.invoke(Method.java:498)
	at org.junit.runners.model.FrameworkMethod$1.runReflectiveCall(FrameworkMethod.java:47)
	at org.junit.internal.runners.model.ReflectiveCallable.run(ReflectiveCallable.java:12)
	at org.junit.runners.model.FrameworkMethod.invokeExplosively(FrameworkMethod.java:44)
	at org.junit.internal.runners.statements.InvokeMethod.evaluate(InvokeMethod.java:17)
	at org.junit.runners.ParentRunner.runLeaf(ParentRunner.java:271)
	at org.junit.runners.BlockJUnit4ClassRunner.runChild(BlockJUnit4ClassRunner.java:70)
	at org.junit.runners.BlockJUnit4ClassRunner.runChild(BlockJUnit4ClassRunner.java:50)
	at org.junit.runners.ParentRunner$3.run(ParentRunner.java:238)
	at org.junit.runners.ParentRunner$1.schedule(ParentRunner.java:63)
	at org.junit.runners.ParentRunner.runChildren(ParentRunner.java:236)
	at org.junit.runners.ParentRunner.access$000(ParentRunner.java:53)
	at org.junit.runners.ParentRunner$2.evaluate(ParentRunner.java:229)
	at org.junit.runners.ParentRunner.run(ParentRunner.java:309)
	at org.apache.maven.surefire.junit4.JUnit4Provider.execute(JUnit4Provider.java:252)
	at org.apache.maven.surefire.junit4.JUnit4Provider.executeTestSet(JUnit4Provider.java:141)
	at org.apache.maven.surefire.junit4.JUnit4Provider.invoke(JUnit4Provider.java:112)
	at sun.reflect.NativeMethodAccessorImpl.invoke0(Native Method)
	at sun.reflect.NativeMethodAccessorImpl.invoke(NativeMethodAccessorImpl.java:62)
	at sun.reflect.DelegatingMethodAccessorImpl.invoke(DelegatingMethodAccessorImpl.java:43)
	at java.lang.reflect.Method.invoke(Method.java:498)
	at org.apache.maven.surefire.util.ReflectionUtils.invokeMethodWithArray(ReflectionUtils.java:189)
	at org.apache.maven.surefire.booter.ProviderFactory$ProviderProxy.invoke(ProviderFactory.java:165)
	at org.apache.maven.surefire.booter.ProviderFactory.invokeProvider(ProviderFactory.java:85)
	at org.apache.maven.surefire.booter.ForkedBooter.runSuitesInProcess(ForkedBooter.java:115)
	at org.apache.maven.surefire.booter.ForkedBooter.main(ForkedBooter.java:75)
Caused by: org.apache.hadoop.hbase.client.RetriesExhaustedException: Can&apos;t get the locations
	at org.apache.hadoop.hbase.client.RpcRetryingCallerWithReadReplicas.getRegionLocations(RpcRetryingCallerWithReadReplicas.java:312)
	at org.apache.hadoop.hbase.client.ScannerCallableWithReplicas.call(ScannerCallableWithReplicas.java:156)
	at org.apache.hadoop.hbase.client.ScannerCallableWithReplicas.call(ScannerCallableWithReplicas.java:60)
	at org.apache.hadoop.hbase.client.RpcRetryingCaller.callWithoutRetries(RpcRetryingCaller.java:210)
	at org.apache.hadoop.hbase.client.ClientScanner.call(ClientScanner.java:327)
	at org.apache.hadoop.hbase.client.ClientScanner.nextScanner(ClientScanner.java:302)
	at org.apache.hadoop.hbase.client.ClientScanner.initializeScannerInConstruction(ClientScanner.java:167)
	at org.apache.hadoop.hbase.client.ClientScanner.&lt;init&gt;(ClientScanner.java:162)
	at org.apache.hadoop.hbase.client.HTable.getScanner(HTable.java:797)
	at org.apache.hadoop.hbase.MetaTableAccessor.fullScan(MetaTableAccessor.java:602)
	at org.apache.hadoop.hbase.MetaTableAccessor.tableExists(MetaTableAccessor.java:366)
	at org.apache.hadoop.hbase.client.HBaseAdmin.tableExists(HBaseAdmin.java:403)
	at org.apache.phoenix.query.ConnectionQueryServicesImpl$13.call(ConnectionQueryServicesImpl.java:2402)
	... 42 more

	at com.alibaba.datax.common.exception.DataXException.asDataXException(DataXException.java:33)
	at com.alibaba.datax.plugin.reader.hbase11xsqlreader.HbaseSQLReaderConfig.parseTableConfig(HbaseSQLReaderConfig.java:130)
	at com.alibaba.datax.plugin.reader.hbase11xsqlreader.HbaseSQLReaderConfig.parse(HbaseSQLReaderConfig.java:71)
	at com.alibaba.datax.plugin.reader.hbase11xsqlreader.HbaseSQLHelper.parseConfig(HbaseSQLHelper.java:112)
	at com.alibaba.datax.plugin.reader.hbase11xsqlreader.HbaseSQLHelperTest.testParseConfig(HbaseSQLHelperTest.java:27)
	at sun.reflect.NativeMethodAccessorImpl.invoke0(Native Method)
	at sun.reflect.NativeMethodAccessorImpl.invoke(NativeMethodAccessorImpl.java:62)
	at sun.reflect.DelegatingMethodAccessorImpl.invoke(DelegatingMethodAccessorImpl.java:43)
	at java.lang.reflect.Method.invoke(Method.java:498)
	at org.junit.runners.model.FrameworkMethod$1.runReflectiveCall(FrameworkMethod.java:47)
	at org.junit.internal.runners.model.ReflectiveCallable.run(ReflectiveCallable.java:12)
	at org.junit.runners.model.FrameworkMethod.invokeExplosively(FrameworkMethod.java:44)
	at org.junit.internal.runners.statements.InvokeMethod.evaluate(InvokeMethod.java:17)
	at org.junit.runners.ParentRunner.runLeaf(ParentRunner.java:271)
	at org.junit.runners.BlockJUnit4ClassRunner.runChild(BlockJUnit4ClassRunner.java:70)
	at org.junit.runners.BlockJUnit4ClassRunner.runChild(BlockJUnit4ClassRunner.java:50)
	at org.junit.runners.ParentRunner$3.run(ParentRunner.java:238)
	at org.junit.runners.ParentRunner$1.schedule(ParentRunner.java:63)
	at org.junit.runners.ParentRunner.runChildren(ParentRunner.java:236)
	at org.junit.runners.ParentRunner.access$000(ParentRunner.java:53)
	at org.junit.runners.ParentRunner$2.evaluate(ParentRunner.java:229)
	at org.junit.runners.ParentRunner.run(ParentRunner.java:309)
	at org.apache.maven.surefire.junit4.JUnit4Provider.execute(JUnit4Provider.java:252)
	at org.apache.maven.surefire.junit4.JUnit4Provider.executeTestSet(JUnit4Provider.java:141)
	at org.apache.maven.surefire.junit4.JUnit4Provider.invoke(JUnit4Provider.java:112)
	at sun.reflect.NativeMethodAccessorImpl.invoke0(Native Method)
	at sun.reflect.NativeMethodAccessorImpl.invoke(NativeMethodAccessorImpl.java:62)
	at sun.reflect.DelegatingMethodAccessorImpl.invoke(DelegatingMethodAccessorImpl.java:43)
	at java.lang.reflect.Method.invoke(Method.java:498)
	at org.apache.maven.surefire.util.ReflectionUtils.invokeMethodWithArray(ReflectionUtils.java:189)
	at org.apache.maven.surefire.booter.ProviderFactory$ProviderProxy.invoke(ProviderFactory.java:165)
	at org.apache.maven.surefire.booter.ProviderFactory.invokeProvider(ProviderFactory.java:85)
	at org.apache.maven.surefire.booter.ForkedBooter.runSuitesInProcess(ForkedBooter.java:115)
	at org.apache.maven.surefire.booter.ForkedBooter.main(ForkedBooter.java:75)
Caused by: java.sql.SQLException: org.apache.hadoop.hbase.client.RetriesExhaustedException: Can&apos;t get the locations
	at org.apache.phoenix.query.ConnectionQueryServicesImpl$13.call(ConnectionQueryServicesImpl.java:2468)
	at org.apache.phoenix.query.ConnectionQueryServicesImpl$13.call(ConnectionQueryServicesImpl.java:2374)
	at org.apache.phoenix.util.PhoenixContextExecutor.call(PhoenixContextExecutor.java:76)
	at org.apache.phoenix.query.ConnectionQueryServicesImpl.init(ConnectionQueryServicesImpl.java:2374)
	at org.apache.phoenix.jdbc.PhoenixDriver.getConnectionQueryServices(PhoenixDriver.java:255)
	at org.apache.phoenix.jdbc.PhoenixEmbeddedDriver.createConnection(PhoenixEmbeddedDriver.java:154)
	at org.apache.phoenix.jdbc.PhoenixDriver.connect(PhoenixDriver.java:221)
	at java.sql.DriverManager.getConnection(DriverManager.java:664)
	at java.sql.DriverManager.getConnection(DriverManager.java:270)
	at com.alibaba.datax.plugin.reader.hbase11xsqlreader.HbaseSQLHelper.getPColumnNames(HbaseSQLHelper.java:67)
	at com.alibaba.datax.plugin.reader.hbase11xsqlreader.HbaseSQLReaderConfig.parseTableConfig(HbaseSQLReaderConfig.java:127)
	... 32 more
Caused by: org.apache.hadoop.hbase.client.RetriesExhaustedException: Can&apos;t get the locations
	at org.apache.hadoop.hbase.client.RpcRetryingCallerWithReadReplicas.getRegionLocations(RpcRetryingCallerWithReadReplicas.java:312)
	at org.apache.hadoop.hbase.client.ScannerCallableWithReplicas.call(ScannerCallableWithReplicas.java:156)
	at org.apache.hadoop.hbase.client.ScannerCallableWithReplicas.call(ScannerCallableWithReplicas.java:60)
	at org.apache.hadoop.hbase.client.RpcRetryingCaller.callWithoutRetries(RpcRetryingCaller.java:210)
	at org.apache.hadoop.hbase.client.ClientScanner.call(ClientScanner.java:327)
	at org.apache.hadoop.hbase.client.ClientScanner.nextScanner(ClientScanner.java:302)
	at org.apache.hadoop.hbase.client.ClientScanner.initializeScannerInConstruction(ClientScanner.java:167)
	at org.apache.hadoop.hbase.client.ClientScanner.&lt;init&gt;(ClientScanner.java:162)
	at org.apache.hadoop.hbase.client.HTable.getScanner(HTable.java:797)
	at org.apache.hadoop.hbase.MetaTableAccessor.fullScan(MetaTableAccessor.java:602)
	at org.apache.hadoop.hbase.MetaTableAccessor.tableExists(MetaTableAccessor.java:366)
	at org.apache.hadoop.hbase.client.HBaseAdmin.tableExists(HBaseAdmin.java:403)
	at org.apache.phoenix.query.ConnectionQueryServicesImpl$13.call(ConnectionQueryServicesImpl.java:2402)
	... 42 more
</error>
    <system-out>17:50:01.828 [main] DEBUG o.a.h.s.a.util.KerberosName - Kerberos krb5 configuration not found, setting default realm to empty
17:50:01.840 [main] DEBUG o.a.hadoop.util.PerformanceAdvisory - Falling back to shell based
17:50:01.949 [main] DEBUG o.a.p.j.PhoenixEmbeddedDriver$ConnectionInfo - Principal and keytab not provided, not attempting Kerberos login
17:50:02.058 [main] INFO  o.a.p.q.ConnectionQueryServicesImpl - An instance of ConnectionQueryServices was created.
17:50:11.361 [main] INFO  org.apache.zookeeper.ZooKeeper - Client environment:zookeeper.version=3.4.6-1569965, built on 02/20/2014 09:09 GMT
17:50:11.361 [main] INFO  org.apache.zookeeper.ZooKeeper - Client environment:host.name=192.168.144.1
17:50:11.361 [main] INFO  org.apache.zookeeper.ZooKeeper - Client environment:java.version=1.8.0_211
17:50:11.361 [main] INFO  org.apache.zookeeper.ZooKeeper - Client environment:java.vendor=Oracle Corporation
17:50:11.361 [main] INFO  org.apache.zookeeper.ZooKeeper - Client environment:java.home=C:\Program Files\Java\jdk1.8.0_211\jre
17:50:11.361 [main] INFO  org.apache.zookeeper.ZooKeeper - Client environment:java.class.path=G:\clone\dataX\hbase11xsqlreader\target\test-classes;G:\clone\dataX\hbase11xsqlreader\target\classes;G:\clone\dataX\common\target\datax-common-0.0.1-SNAPSHOT.jar;C:\Users\52702\.m2\repository\org\apache\commons\commons-lang3\3.3.2\commons-lang3-3.3.2.jar;C:\Users\52702\.m2\repository\com\alibaba\fastjson\1.1.46.sec01\fastjson-1.1.46.sec01.jar;C:\Users\52702\.m2\repository\commons-io\commons-io\2.4\commons-io-2.4.jar;C:\Users\52702\.m2\repository\org\slf4j\slf4j-api\1.7.10\slf4j-api-1.7.10.jar;C:\Users\52702\.m2\repository\ch\qos\logback\logback-classic\1.0.13\logback-classic-1.0.13.jar;C:\Users\52702\.m2\repository\ch\qos\logback\logback-core\1.0.13\logback-core-1.0.13.jar;C:\Users\52702\.m2\repository\org\apache\commons\commons-math3\3.1.1\commons-math3-3.1.1.jar;C:\Users\52702\.m2\repository\com\aliyun\phoenix\ali-phoenix-core\4.12.0-AliHBase-1.1-0.5\ali-phoenix-core-4.12.0-AliHBase-1.1-0.5.jar;C:\Users\52702\.m2\repository\org\apache\tephra\tephra-api\0.13.0-incubating\tephra-api-0.13.0-incubating.jar;C:\Users\52702\.m2\repository\org\apache\tephra\tephra-core\0.13.0-incubating\tephra-core-0.13.0-incubating.jar;C:\Users\52702\.m2\repository\com\google\code\gson\gson\2.2.4\gson-2.2.4.jar;C:\Users\52702\.m2\repository\com\google\inject\guice\3.0\guice-3.0.jar;C:\Users\52702\.m2\repository\javax\inject\javax.inject\1\javax.inject-1.jar;C:\Users\52702\.m2\repository\aopalliance\aopalliance\1.0\aopalliance-1.0.jar;C:\Users\52702\.m2\repository\com\google\inject\extensions\guice-assistedinject\3.0\guice-assistedinject-3.0.jar;C:\Users\52702\.m2\repository\org\apache\thrift\libthrift\0.9.0\libthrift-0.9.0.jar;C:\Users\52702\.m2\repository\it\unimi\dsi\fastutil\6.5.6\fastutil-6.5.6.jar;C:\Users\52702\.m2\repository\org\apache\twill\twill-common\0.8.0\twill-common-0.8.0.jar;C:\Users\52702\.m2\repository\org\apache\twill\twill-core\0.8.0\twill-core-0.8.0.jar;C:\Users\52702\.m2\repository\org\apache\twill\twill-api\0.8.0\twill-api-0.8.0.jar;C:\Users\52702\.m2\repository\org\ow2\asm\asm-all\5.0.2\asm-all-5.0.2.jar;C:\Users\52702\.m2\repository\org\apache\twill\twill-discovery-api\0.8.0\twill-discovery-api-0.8.0.jar;C:\Users\52702\.m2\repository\org\apache\twill\twill-discovery-core\0.8.0\twill-discovery-core-0.8.0.jar;C:\Users\52702\.m2\repository\org\apache\twill\twill-zookeeper\0.8.0\twill-zookeeper-0.8.0.jar;C:\Users\52702\.m2\repository\io\dropwizard\metrics\metrics-core\3.1.0\metrics-core-3.1.0.jar;C:\Users\52702\.m2\repository\org\apache\tephra\tephra-hbase-compat-1.1\0.13.0-incubating\tephra-hbase-compat-1.1-0.13.0-incubating.jar;C:\Users\52702\.m2\repository\org\antlr\antlr-runtime\3.5.2\antlr-runtime-3.5.2.jar;C:\Users\52702\.m2\repository\jline\jline\2.11\jline-2.11.jar;C:\Users\52702\.m2\repository\sqlline\sqlline\1.2.0\sqlline-1.2.0.jar;C:\Users\52702\.m2\repository\com\google\guava\guava\13.0.1\guava-13.0.1.jar;C:\Users\52702\.m2\repository\joda-time\joda-time\1.6\joda-time-1.6.jar;C:\Users\52702\.m2\repository\com\github\stephenc\findbugs\findbugs-annotations\1.3.9-1\findbugs-annotations-1.3.9-1.jar;C:\Users\52702\.m2\repository\com\github\stephenc\jcip\jcip-annotations\1.0-1\jcip-annotations-1.0-1.jar;C:\Users\52702\.m2\repository\org\codehaus\jackson\jackson-core-asl\1.9.2\jackson-core-asl-1.9.2.jar;C:\Users\52702\.m2\repository\org\codehaus\jackson\jackson-mapper-asl\1.9.2\jackson-mapper-asl-1.9.2.jar;C:\Users\52702\.m2\repository\com\google\protobuf\protobuf-java\2.5.0\protobuf-java-2.5.0.jar;C:\Users\52702\.m2\repository\org\apache\httpcomponents\httpclient\4.0.1\httpclient-4.0.1.jar;C:\Users\52702\.m2\repository\org\apache\httpcomponents\httpcore\4.0.1\httpcore-4.0.1.jar;C:\Users\52702\.m2\repository\commons-logging\commons-logging\1.1.1\commons-logging-1.1.1.jar;C:\Users\52702\.m2\repository\log4j\log4j\1.2.17\log4j-1.2.17.jar;C:\Users\52702\.m2\repository\org\iq80\snappy\snappy\0.3\snappy-0.3.jar;C:\Users\52702\.m2\repository\org\apache\htrace\htrace-core\3.1.0-incubating\htrace-core-3.1.0-incubating.jar;C:\Users\52702\.m2\repository\commons-codec\commons-codec\1.7\commons-codec-1.7.jar;C:\Users\52702\.m2\repository\commons-collections\commons-collections\3.2.2\commons-collections-3.2.2.jar;C:\Users\52702\.m2\repository\org\apache\commons\commons-csv\1.0\commons-csv-1.0.jar;C:\Users\52702\.m2\repository\com\google\code\findbugs\jsr305\2.0.1\jsr305-2.0.1.jar;C:\Users\52702\.m2\repository\com\aliyun\hbase\alihbase-annotations\1.1.3\alihbase-annotations-1.1.3.jar;C:\Program Files\Java\jdk1.8.0_211\jre\..\lib\tools.jar;C:\Users\52702\.m2\repository\com\aliyun\hbase\alihbase-common\1.1.3\alihbase-common-1.1.3.jar;C:\Users\52702\.m2\repository\commons-lang\commons-lang\2.6\commons-lang-2.6.jar;C:\Users\52702\.m2\repository\org\mortbay\jetty\jetty-util\6.1.26\jetty-util-6.1.26.jar;C:\Users\52702\.m2\repository\com\aliyun\hbase\alihbase-protocol\1.1.3\alihbase-protocol-1.1.3.jar;C:\Users\52702\.m2\repository\com\aliyun\hbase\alihbase-client\1.1.3\alihbase-client-1.1.3.jar;C:\Users\52702\.m2\repository\io\netty\netty-all\4.0.23.Final\netty-all-4.0.23.Final.jar;C:\Users\52702\.m2\repository\org\apache\zookeeper\zookeeper\3.4.6\zookeeper-3.4.6.jar;C:\Users\52702\.m2\repository\org\jruby\jcodings\jcodings\1.0.8\jcodings-1.0.8.jar;C:\Users\52702\.m2\repository\org\apache\hadoop\hadoop-auth\2.5.1\hadoop-auth-2.5.1.jar;C:\Users\52702\.m2\repository\org\apache\directory\server\apacheds-kerberos-codec\2.0.0-M15\apacheds-kerberos-codec-2.0.0-M15.jar;C:\Users\52702\.m2\repository\org\apache\directory\server\apacheds-i18n\2.0.0-M15\apacheds-i18n-2.0.0-M15.jar;C:\Users\52702\.m2\repository\org\apache\directory\api\api-asn1-api\1.0.0-M20\api-asn1-api-1.0.0-M20.jar;C:\Users\52702\.m2\repository\org\apache\directory\api\api-util\1.0.0-M20\api-util-1.0.0-M20.jar;C:\Users\52702\.m2\repository\com\aliyun\hbase\alihbase-server\1.1.3\alihbase-server-1.1.3.jar;C:\Users\52702\.m2\repository\com\aliyun\hbase\alihbase-procedure\1.1.3\alihbase-procedure-1.1.3.jar;C:\Users\52702\.m2\repository\com\aliyun\hbase\alihbase-common\1.1.3\alihbase-common-1.1.3-tests.jar;C:\Users\52702\.m2\repository\com\aliyun\hbase\alihbase-prefix-tree\1.1.3\alihbase-prefix-tree-1.1.3.jar;C:\Users\52702\.m2\repository\commons-httpclient\commons-httpclient\3.1\commons-httpclient-3.1.jar;C:\Users\52702\.m2\repository\com\yammer\metrics\metrics-core\2.2.0\metrics-core-2.2.0.jar;C:\Users\52702\.m2\repository\com\sun\jersey\jersey-core\1.9\jersey-core-1.9.jar;C:\Users\52702\.m2\repository\com\sun\jersey\jersey-server\1.9\jersey-server-1.9.jar;C:\Users\52702\.m2\repository\asm\asm\3.1\asm-3.1.jar;C:\Users\52702\.m2\repository\org\apache\commons\commons-math\2.2\commons-math-2.2.jar;C:\Users\52702\.m2\repository\org\mortbay\jetty\jetty\6.1.26\jetty-6.1.26.jar;C:\Users\52702\.m2\repository\org\mortbay\jetty\jetty-sslengine\6.1.26\jetty-sslengine-6.1.26.jar;C:\Users\52702\.m2\repository\org\mortbay\jetty\jsp-2.1\6.1.14\jsp-2.1-6.1.14.jar;C:\Users\52702\.m2\repository\org\mortbay\jetty\jsp-api-2.1\6.1.14\jsp-api-2.1-6.1.14.jar;C:\Users\52702\.m2\repository\org\mortbay\jetty\servlet-api-2.5\6.1.14\servlet-api-2.5-6.1.14.jar;C:\Users\52702\.m2\repository\org\codehaus\jackson\jackson-jaxrs\1.9.13\jackson-jaxrs-1.9.13.jar;C:\Users\52702\.m2\repository\tomcat\jasper-compiler\5.5.23\jasper-compiler-5.5.23.jar;C:\Users\52702\.m2\repository\tomcat\jasper-runtime\5.5.23\jasper-runtime-5.5.23.jar;C:\Users\52702\.m2\repository\commons-el\commons-el\1.0\commons-el-1.0.jar;C:\Users\52702\.m2\repository\org\jamon\jamon-runtime\2.3.1\jamon-runtime-2.3.1.jar;C:\Users\52702\.m2\repository\com\lmax\disruptor\3.3.0\disruptor-3.3.0.jar;C:\Users\52702\.m2\repository\org\apache\hadoop\hadoop-client\2.5.1\hadoop-client-2.5.1.jar;C:\Users\52702\.m2\repository\org\apache\hadoop\hadoop-mapreduce-client-app\2.5.1\hadoop-mapreduce-client-app-2.5.1.jar;C:\Users\52702\.m2\repository\org\apache\hadoop\hadoop-mapreduce-client-common\2.5.1\hadoop-mapreduce-client-common-2.5.1.jar;C:\Users\52702\.m2\repository\org\apache\hadoop\hadoop-yarn-client\2.5.1\hadoop-yarn-client-2.5.1.jar;C:\Users\52702\.m2\repository\org\apache\hadoop\hadoop-yarn-server-common\2.5.1\hadoop-yarn-server-common-2.5.1.jar;C:\Users\52702\.m2\repository\org\apache\hadoop\hadoop-mapreduce-client-shuffle\2.5.1\hadoop-mapreduce-client-shuffle-2.5.1.jar;C:\Users\52702\.m2\repository\org\fusesource\leveldbjni\leveldbjni-all\1.8\leveldbjni-all-1.8.jar;C:\Users\52702\.m2\repository\org\apache\hadoop\hadoop-yarn-api\2.5.1\hadoop-yarn-api-2.5.1.jar;C:\Users\52702\.m2\repository\org\apache\hadoop\hadoop-mapreduce-client-jobclient\2.5.1\hadoop-mapreduce-client-jobclient-2.5.1.jar;C:\Users\52702\.m2\repository\org\apache\hadoop\hadoop-hdfs\2.5.1\hadoop-hdfs-2.5.1.jar;C:\Users\52702\.m2\repository\commons-daemon\commons-daemon\1.0.13\commons-daemon-1.0.13.jar;C:\Users\52702\.m2\repository\com\aliyun\hbase\alihbase-hadoop-compat\1.1.3\alihbase-hadoop-compat-1.1.3.jar;C:\Users\52702\.m2\repository\com\aliyun\hbase\alihbase-hadoop2-compat\1.1.3\alihbase-hadoop2-compat-1.1.3.jar;C:\Users\52702\.m2\repository\org\apache\hadoop\hadoop-common\2.7.1\hadoop-common-2.7.1.jar;C:\Users\52702\.m2\repository\xmlenc\xmlenc\0.52\xmlenc-0.52.jar;C:\Users\52702\.m2\repository\commons-net\commons-net\3.1\commons-net-3.1.jar;C:\Users\52702\.m2\repository\javax\servlet\jsp\jsp-api\2.1\jsp-api-2.1.jar;C:\Users\52702\.m2\repository\com\sun\jersey\jersey-json\1.9\jersey-json-1.9.jar;C:\Users\52702\.m2\repository\org\codehaus\jettison\jettison\1.1\jettison-1.1.jar;C:\Users\52702\.m2\repository\com\sun\xml\bind\jaxb-impl\2.2.3-1\jaxb-impl-2.2.3-1.jar;C:\Users\52702\.m2\repository\org\codehaus\jackson\jackson-xc\1.8.3\jackson-xc-1.8.3.jar;C:\Users\52702\.m2\repository\net\java\dev\jets3t\jets3t\0.9.0\jets3t-0.9.0.jar;C:\Users\52702\.m2\repository\com\jamesmurty\utils\java-xmlbuilder\0.4\java-xmlbuilder-0.4.jar;C:\Users\52702\.m2\repository\org\slf4j\slf4j-log4j12\1.7.10\slf4j-log4j12-1.7.10.jar;C:\Users\52702\.m2\repository\org\apache\avro\avro\1.7.4\avro-1.7.4.jar;C:\Users\52702\.m2\repository\com\thoughtworks\paranamer\paranamer\2.3\paranamer-2.3.jar;C:\Users\52702\.m2\repository\com\jcraft\jsch\0.1.42\jsch-0.1.42.jar;C:\Users\52702\.m2\repository\org\apache\curator\curator-client\2.7.1\curator-client-2.7.1.jar;C:\Users\52702\.m2\repository\org\apache\curator\curator-recipes\2.7.1\curator-recipes-2.7.1.jar;C:\Users\52702\.m2\repository\org\apache\curator\curator-framework\2.7.1\curator-framework-2.7.1.jar;C:\Users\52702\.m2\repository\org\apache\commons\commons-compress\1.4.1\commons-compress-1.4.1.jar;C:\Users\52702\.m2\repository\org\tukaani\xz\1.0\xz-1.0.jar;C:\Users\52702\.m2\repository\org\apache\hadoop\hadoop-annotations\2.7.1\hadoop-annotations-2.7.1.jar;C:\Users\52702\.m2\repository\org\apache\hadoop\hadoop-mapreduce-client-core\2.7.1\hadoop-mapreduce-client-core-2.7.1.jar;C:\Users\52702\.m2\repository\org\apache\hadoop\hadoop-yarn-common\2.7.1\hadoop-yarn-common-2.7.1.jar;C:\Users\52702\.m2\repository\javax\xml\bind\jaxb-api\2.2.2\jaxb-api-2.2.2.jar;C:\Users\52702\.m2\repository\javax\xml\stream\stax-api\1.0-2\stax-api-1.0-2.jar;C:\Users\52702\.m2\repository\com\sun\jersey\jersey-client\1.9\jersey-client-1.9.jar;C:\Users\52702\.m2\repository\com\sun\jersey\contribs\jersey-guice\1.9\jersey-guice-1.9.jar;C:\Users\52702\.m2\repository\com\google\inject\extensions\guice-servlet\3.0\guice-servlet-3.0.jar;C:\Users\52702\.m2\repository\io\netty\netty\3.6.2.Final\netty-3.6.2.Final.jar;C:\Users\52702\.m2\repository\org\jruby\joni\joni\2.1.2\joni-2.1.2.jar;C:\Users\52702\.m2\repository\com\clearspring\analytics\stream\2.9.5\stream-2.9.5.jar;C:\Users\52702\.m2\repository\com\aliyun\odps\odps-sdk-core\0.26.2-public\odps-sdk-core-0.26.2-public.jar;C:\Users\52702\.m2\repository\net\sourceforge\javacsv\javacsv\2.0\javacsv-2.0.jar;C:\Users\52702\.m2\repository\org\xerial\snappy\snappy-java\1.1.1.6\snappy-java-1.1.1.6.jar;C:\Users\52702\.m2\repository\javax\mail\mail\1.4.7\mail-1.4.7.jar;C:\Users\52702\.m2\repository\javax\activation\activation\1.1\activation-1.1.jar;C:\Users\52702\.m2\repository\com\aliyun\odps\odps-sdk-mapred\0.26.2-public\odps-sdk-mapred-0.26.2-public.jar;C:\Users\52702\.m2\repository\com\aliyun\odps\odps-sdk-commons\0.26.2-public\odps-sdk-commons-0.26.2-public.jar;C:\Users\52702\.m2\repository\com\jcabi\jcabi-aspects\0.20.1\jcabi-aspects-0.20.1.jar;C:\Users\52702\.m2\repository\com\jcabi\jcabi-log\0.15\jcabi-log-0.15.jar;C:\Users\52702\.m2\repository\org\aspectj\aspectjrt\1.8.2\aspectjrt-1.8.2.jar;C:\Users\52702\.m2\repository\javax\validation\validation-api\1.1.0.Final\validation-api-1.1.0.Final.jar;C:\Users\52702\.m2\repository\junit\junit\4.11\junit-4.11.jar;C:\Users\52702\.m2\repository\org\mockito\mockito-core\2.0.44-beta\mockito-core-2.0.44-beta.jar;C:\Users\52702\.m2\repository\net\bytebuddy\byte-buddy\1.2.3\byte-buddy-1.2.3.jar;C:\Users\52702\.m2\repository\org\objenesis\objenesis\2.1\objenesis-2.1.jar;G:\clone\dataX\core\target\datax-core-0.0.1-SNAPSHOT.jar;G:\clone\dataX\transformer\target\datax-transformer-0.0.1-SNAPSHOT.jar;C:\Users\52702\.m2\repository\commons-configuration\commons-configuration\1.10\commons-configuration-1.10.jar;C:\Users\52702\.m2\repository\commons-cli\commons-cli\1.2\commons-cli-1.2.jar;C:\Users\52702\.m2\repository\commons-beanutils\commons-beanutils\1.9.2\commons-beanutils-1.9.2.jar;C:\Users\52702\.m2\repository\org\apache\httpcomponents\fluent-hc\4.4\fluent-hc-4.4.jar;C:\Users\52702\.m2\repository\org\codehaus\janino\janino\2.5.16\janino-2.5.16.jar;C:\Users\52702\.m2\repository\org\codehaus\groovy\groovy-all\2.1.9\groovy-all-2.1.9.jar;C:\Users\52702\.m2\repository\org\hamcrest\hamcrest-core\1.3\hamcrest-core-1.3.jar;
17:50:11.362 [main] INFO  org.apache.zookeeper.ZooKeeper - Client environment:java.library.path=C:\Program Files\Java\jdk1.8.0_211\jre\bin;C:\WINDOWS\Sun\Java\bin;C:\WINDOWS\system32;C:\WINDOWS;C:\Program Files (x86)\Common Files\Oracle\Java\javapath;C:\Program Files (x86)\Common Files\Intel\Shared Libraries\redist\intel64\compiler;C:\WINDOWS\system32;C:\WINDOWS;C:\WINDOWS\System32\Wbem;C:\WINDOWS\System32\WindowsPowerShell\v1.0\;C:\WINDOWS\System32\OpenSSH\;C:\Program Files\NVIDIA Corporation\NVIDIA NvDLISR;C:\Program Files\Git\cmd;C:\Program Files (x86)\NVIDIA Corporation\PhysX\Common;C:\Users\52702\AppData\Roaming\nvm;C:\Program Files\nodejs;C:\Users\52702\AppData\Local\Android\Sdk\platform-tools;C:\Users\52702\AppData\Local\Android\Sdk\tools\bin;C:\Users\52702\AppData\Local\Android\Sdk\build-tools??version??;C:\Users\52702\AppData\Local\Android\Sdk\tools\bin;C:\Program Files\Java\jdk1.8.0_211bin;C:\Users\52702\AppData\Local\Android\Sdk\build-tools\28.0.3\;C:\Program Files\Java\jdk1.8.0_211\bin;C:\Program Files\Java\jre1.8.0_211\bin;C:\Users\52702\Anaconda3;C:\Users\52702\Anaconda3\Library\mingw-w64\bin;C:\Users\52702\Anaconda3\Library\usr\bin;C:\Users\52702\Anaconda3\Library\bin;C:\Users\52702\Anaconda3\Scripts;C:\Users\52702\AppData\Local\Microsoft\WindowsApps;C:\Users\52702\AppData\Roaming\nvm;C:\Program Files\nodejs;C:\Users\52702\AppData\Local\Programs\Fiddler;C:\Users\52702\AppData\Local\Android\Sdk\tools;C:\Users\52702\AppData\Local\Android\Sdk\platform-tools;C:\maven\bin\;;.
17:50:11.362 [main] INFO  org.apache.zookeeper.ZooKeeper - Client environment:java.io.tmpdir=C:\Users\52702\AppData\Local\Temp\
17:50:11.362 [main] INFO  org.apache.zookeeper.ZooKeeper - Client environment:java.compiler=&lt;NA&gt;
17:50:11.362 [main] INFO  org.apache.zookeeper.ZooKeeper - Client environment:os.name=Windows 10
17:50:11.362 [main] INFO  org.apache.zookeeper.ZooKeeper - Client environment:os.arch=amd64
17:50:11.362 [main] INFO  org.apache.zookeeper.ZooKeeper - Client environment:os.version=10.0
17:50:11.362 [main] INFO  org.apache.zookeeper.ZooKeeper - Client environment:user.name=Terence
17:50:11.362 [main] INFO  org.apache.zookeeper.ZooKeeper - Client environment:user.home=C:\Users\52702
17:50:11.362 [main] INFO  org.apache.zookeeper.ZooKeeper - Client environment:user.dir=G:\clone\dataX\hbase11xsqlreader
17:50:11.363 [main] INFO  org.apache.zookeeper.ZooKeeper - Initiating client connection, connectString=hb-proxy-pub-xxx-001.hbase.rds.aliyuncs.com:2181,hb-proxy-pub-xxx-002.hbase.rds.aliyuncs.com:2181,hb-proxy-pub-xxx-003.hbase.rds.aliyuncs.com:2181 sessionTimeout=90000 watcher=hconnection-0x52af26ee0x0, quorum=hb-proxy-pub-xxx-001.hbase.rds.aliyuncs.com:2181,hb-proxy-pub-xxx-002.hbase.rds.aliyuncs.com:2181,hb-proxy-pub-xxx-003.hbase.rds.aliyuncs.com:2181, baseZNode=/hbase
17:50:11.627 [main] INFO  org.apache.zookeeper.ZooKeeper - Initiating client connection, connectString=hb-proxy-pub-xxx-001.hbase.rds.aliyuncs.com:2181,hb-proxy-pub-xxx-002.hbase.rds.aliyuncs.com:2181,hb-proxy-pub-xxx-003.hbase.rds.aliyuncs.com:2181 sessionTimeout=90000 watcher=hconnection-0x52af26ee0x0, quorum=hb-proxy-pub-xxx-001.hbase.rds.aliyuncs.com:2181,hb-proxy-pub-xxx-002.hbase.rds.aliyuncs.com:2181,hb-proxy-pub-xxx-003.hbase.rds.aliyuncs.com:2181, baseZNode=/hbase
17:50:12.628 [main] INFO  org.apache.zookeeper.ZooKeeper - Initiating client connection, connectString=hb-proxy-pub-xxx-001.hbase.rds.aliyuncs.com:2181,hb-proxy-pub-xxx-002.hbase.rds.aliyuncs.com:2181,hb-proxy-pub-xxx-003.hbase.rds.aliyuncs.com:2181 sessionTimeout=90000 watcher=hconnection-0x52af26ee0x0, quorum=hb-proxy-pub-xxx-001.hbase.rds.aliyuncs.com:2181,hb-proxy-pub-xxx-002.hbase.rds.aliyuncs.com:2181,hb-proxy-pub-xxx-003.hbase.rds.aliyuncs.com:2181, baseZNode=/hbase
17:50:14.629 [main] INFO  org.apache.zookeeper.ZooKeeper - Initiating client connection, connectString=hb-proxy-pub-xxx-001.hbase.rds.aliyuncs.com:2181,hb-proxy-pub-xxx-002.hbase.rds.aliyuncs.com:2181,hb-proxy-pub-xxx-003.hbase.rds.aliyuncs.com:2181 sessionTimeout=90000 watcher=hconnection-0x52af26ee0x0, quorum=hb-proxy-pub-xxx-001.hbase.rds.aliyuncs.com:2181,hb-proxy-pub-xxx-002.hbase.rds.aliyuncs.com:2181,hb-proxy-pub-xxx-003.hbase.rds.aliyuncs.com:2181, baseZNode=/hbase
17:50:18.629 [main] INFO  org.apache.zookeeper.ZooKeeper - Initiating client connection, connectString=hb-proxy-pub-xxx-001.hbase.rds.aliyuncs.com:2181,hb-proxy-pub-xxx-002.hbase.rds.aliyuncs.com:2181,hb-proxy-pub-xxx-003.hbase.rds.aliyuncs.com:2181 sessionTimeout=90000 watcher=hconnection-0x52af26ee0x0, quorum=hb-proxy-pub-xxx-001.hbase.rds.aliyuncs.com:2181,hb-proxy-pub-xxx-002.hbase.rds.aliyuncs.com:2181,hb-proxy-pub-xxx-003.hbase.rds.aliyuncs.com:2181, baseZNode=/hbase
17:50:26.631 [main] INFO  org.apache.zookeeper.ZooKeeper - Initiating client connection, connectString=hb-proxy-pub-xxx-001.hbase.rds.aliyuncs.com:2181,hb-proxy-pub-xxx-002.hbase.rds.aliyuncs.com:2181,hb-proxy-pub-xxx-003.hbase.rds.aliyuncs.com:2181 sessionTimeout=90000 watcher=hconnection-0x52af26ee0x0, quorum=hb-proxy-pub-xxx-001.hbase.rds.aliyuncs.com:2181,hb-proxy-pub-xxx-002.hbase.rds.aliyuncs.com:2181,hb-proxy-pub-xxx-003.hbase.rds.aliyuncs.com:2181, baseZNode=/hbase
17:50:26.856 [main] INFO  o.a.p.q.ConnectionQueryServicesImpl - HConnection established. Stacktrace for informational purposes: hconnection-0x52af26ee
17:50:35.925 [main] INFO  org.apache.zookeeper.ZooKeeper - Initiating client connection, connectString=hb-proxy-pub-xxx-001.hbase.rds.aliyuncs.com:2181,hb-proxy-pub-xxx-002.hbase.rds.aliyuncs.com:2181,hb-proxy-pub-xxx-003.hbase.rds.aliyuncs.com:2181 sessionTimeout=90000 watcher=hconnection-0x52af26ee0x0, quorum=hb-proxy-pub-xxx-001.hbase.rds.aliyuncs.com:2181,hb-proxy-pub-xxx-002.hbase.rds.aliyuncs.com:2181,hb-proxy-pub-xxx-003.hbase.rds.aliyuncs.com:2181, baseZNode=/hbase
17:50:36.925 [main] INFO  org.apache.zookeeper.ZooKeeper - Initiating client connection, connectString=hb-proxy-pub-xxx-001.hbase.rds.aliyuncs.com:2181,hb-proxy-pub-xxx-002.hbase.rds.aliyuncs.com:2181,hb-proxy-pub-xxx-003.hbase.rds.aliyuncs.com:2181 sessionTimeout=90000 watcher=hconnection-0x52af26ee0x0, quorum=hb-proxy-pub-xxx-001.hbase.rds.aliyuncs.com:2181,hb-proxy-pub-xxx-002.hbase.rds.aliyuncs.com:2181,hb-proxy-pub-xxx-003.hbase.rds.aliyuncs.com:2181, baseZNode=/hbase
17:50:39.027 [main] INFO  org.apache.zookeeper.ZooKeeper - Initiating client connection, connectString=hb-proxy-pub-xxx-001.hbase.rds.aliyuncs.com:2181,hb-proxy-pub-xxx-002.hbase.rds.aliyuncs.com:2181,hb-proxy-pub-xxx-003.hbase.rds.aliyuncs.com:2181 sessionTimeout=90000 watcher=hconnection-0x52af26ee0x0, quorum=hb-proxy-pub-xxx-001.hbase.rds.aliyuncs.com:2181,hb-proxy-pub-xxx-002.hbase.rds.aliyuncs.com:2181,hb-proxy-pub-xxx-003.hbase.rds.aliyuncs.com:2181, baseZNode=/hbase
17:50:43.027 [main] INFO  org.apache.zookeeper.ZooKeeper - Initiating client connection, connectString=hb-proxy-pub-xxx-001.hbase.rds.aliyuncs.com:2181,hb-proxy-pub-xxx-002.hbase.rds.aliyuncs.com:2181,hb-proxy-pub-xxx-003.hbase.rds.aliyuncs.com:2181 sessionTimeout=90000 watcher=hconnection-0x52af26ee0x0, quorum=hb-proxy-pub-xxx-001.hbase.rds.aliyuncs.com:2181,hb-proxy-pub-xxx-002.hbase.rds.aliyuncs.com:2181,hb-proxy-pub-xxx-003.hbase.rds.aliyuncs.com:2181, baseZNode=/hbase
17:50:51.028 [main] INFO  org.apache.zookeeper.ZooKeeper - Initiating client connection, connectString=hb-proxy-pub-xxx-001.hbase.rds.aliyuncs.com:2181,hb-proxy-pub-xxx-002.hbase.rds.aliyuncs.com:2181,hb-proxy-pub-xxx-003.hbase.rds.aliyuncs.com:2181 sessionTimeout=90000 watcher=hconnection-0x52af26ee0x0, quorum=hb-proxy-pub-xxx-001.hbase.rds.aliyuncs.com:2181,hb-proxy-pub-xxx-002.hbase.rds.aliyuncs.com:2181,hb-proxy-pub-xxx-003.hbase.rds.aliyuncs.com:2181, baseZNode=/hbase
17:50:51.133 [main] INFO  org.apache.zookeeper.ZooKeeper - Initiating client connection, connectString=hb-proxy-pub-xxx-001.hbase.rds.aliyuncs.com:2181,hb-proxy-pub-xxx-002.hbase.rds.aliyuncs.com:2181,hb-proxy-pub-xxx-003.hbase.rds.aliyuncs.com:2181 sessionTimeout=90000 watcher=hconnection-0x52af26ee0x0, quorum=hb-proxy-pub-xxx-001.hbase.rds.aliyuncs.com:2181,hb-proxy-pub-xxx-002.hbase.rds.aliyuncs.com:2181,hb-proxy-pub-xxx-003.hbase.rds.aliyuncs.com:2181, baseZNode=/hbase
17:50:52.135 [main] INFO  org.apache.zookeeper.ZooKeeper - Initiating client connection, connectString=hb-proxy-pub-xxx-001.hbase.rds.aliyuncs.com:2181,hb-proxy-pub-xxx-002.hbase.rds.aliyuncs.com:2181,hb-proxy-pub-xxx-003.hbase.rds.aliyuncs.com:2181 sessionTimeout=90000 watcher=hconnection-0x52af26ee0x0, quorum=hb-proxy-pub-xxx-001.hbase.rds.aliyuncs.com:2181,hb-proxy-pub-xxx-002.hbase.rds.aliyuncs.com:2181,hb-proxy-pub-xxx-003.hbase.rds.aliyuncs.com:2181, baseZNode=/hbase
17:50:54.135 [main] INFO  org.apache.zookeeper.ZooKeeper - Initiating client connection, connectString=hb-proxy-pub-xxx-001.hbase.rds.aliyuncs.com:2181,hb-proxy-pub-xxx-002.hbase.rds.aliyuncs.com:2181,hb-proxy-pub-xxx-003.hbase.rds.aliyuncs.com:2181 sessionTimeout=90000 watcher=hconnection-0x52af26ee0x0, quorum=hb-proxy-pub-xxx-001.hbase.rds.aliyuncs.com:2181,hb-proxy-pub-xxx-002.hbase.rds.aliyuncs.com:2181,hb-proxy-pub-xxx-003.hbase.rds.aliyuncs.com:2181, baseZNode=/hbase
17:50:58.135 [main] INFO  org.apache.zookeeper.ZooKeeper - Initiating client connection, connectString=hb-proxy-pub-xxx-001.hbase.rds.aliyuncs.com:2181,hb-proxy-pub-xxx-002.hbase.rds.aliyuncs.com:2181,hb-proxy-pub-xxx-003.hbase.rds.aliyuncs.com:2181 sessionTimeout=90000 watcher=hconnection-0x52af26ee0x0, quorum=hb-proxy-pub-xxx-001.hbase.rds.aliyuncs.com:2181,hb-proxy-pub-xxx-002.hbase.rds.aliyuncs.com:2181,hb-proxy-pub-xxx-003.hbase.rds.aliyuncs.com:2181, baseZNode=/hbase
17:51:06.136 [main] INFO  org.apache.zookeeper.ZooKeeper - Initiating client connection, connectString=hb-proxy-pub-xxx-001.hbase.rds.aliyuncs.com:2181,hb-proxy-pub-xxx-002.hbase.rds.aliyuncs.com:2181,hb-proxy-pub-xxx-003.hbase.rds.aliyuncs.com:2181 sessionTimeout=90000 watcher=hconnection-0x52af26ee0x0, quorum=hb-proxy-pub-xxx-001.hbase.rds.aliyuncs.com:2181,hb-proxy-pub-xxx-002.hbase.rds.aliyuncs.com:2181,hb-proxy-pub-xxx-003.hbase.rds.aliyuncs.com:2181, baseZNode=/hbase
17:51:06.587 [main] INFO  org.apache.zookeeper.ZooKeeper - Initiating client connection, connectString=hb-proxy-pub-xxx-001.hbase.rds.aliyuncs.com:2181,hb-proxy-pub-xxx-002.hbase.rds.aliyuncs.com:2181,hb-proxy-pub-xxx-003.hbase.rds.aliyuncs.com:2181 sessionTimeout=90000 watcher=hconnection-0x52af26ee0x0, quorum=hb-proxy-pub-xxx-001.hbase.rds.aliyuncs.com:2181,hb-proxy-pub-xxx-002.hbase.rds.aliyuncs.com:2181,hb-proxy-pub-xxx-003.hbase.rds.aliyuncs.com:2181, baseZNode=/hbase
17:51:07.587 [main] INFO  org.apache.zookeeper.ZooKeeper - Initiating client connection, connectString=hb-proxy-pub-xxx-001.hbase.rds.aliyuncs.com:2181,hb-proxy-pub-xxx-002.hbase.rds.aliyuncs.com:2181,hb-proxy-pub-xxx-003.hbase.rds.aliyuncs.com:2181 sessionTimeout=90000 watcher=hconnection-0x52af26ee0x0, quorum=hb-proxy-pub-xxx-001.hbase.rds.aliyuncs.com:2181,hb-proxy-pub-xxx-002.hbase.rds.aliyuncs.com:2181,hb-proxy-pub-xxx-003.hbase.rds.aliyuncs.com:2181, baseZNode=/hbase
17:51:09.588 [main] INFO  org.apache.zookeeper.ZooKeeper - Initiating client connection, connectString=hb-proxy-pub-xxx-001.hbase.rds.aliyuncs.com:2181,hb-proxy-pub-xxx-002.hbase.rds.aliyuncs.com:2181,hb-proxy-pub-xxx-003.hbase.rds.aliyuncs.com:2181 sessionTimeout=90000 watcher=hconnection-0x52af26ee0x0, quorum=hb-proxy-pub-xxx-001.hbase.rds.aliyuncs.com:2181,hb-proxy-pub-xxx-002.hbase.rds.aliyuncs.com:2181,hb-proxy-pub-xxx-003.hbase.rds.aliyuncs.com:2181, baseZNode=/hbase
17:51:13.588 [main] INFO  org.apache.zookeeper.ZooKeeper - Initiating client connection, connectString=hb-proxy-pub-xxx-001.hbase.rds.aliyuncs.com:2181,hb-proxy-pub-xxx-002.hbase.rds.aliyuncs.com:2181,hb-proxy-pub-xxx-003.hbase.rds.aliyuncs.com:2181 sessionTimeout=90000 watcher=hconnection-0x52af26ee0x0, quorum=hb-proxy-pub-xxx-001.hbase.rds.aliyuncs.com:2181,hb-proxy-pub-xxx-002.hbase.rds.aliyuncs.com:2181,hb-proxy-pub-xxx-003.hbase.rds.aliyuncs.com:2181, baseZNode=/hbase
17:51:21.588 [main] INFO  org.apache.zookeeper.ZooKeeper - Initiating client connection, connectString=hb-proxy-pub-xxx-001.hbase.rds.aliyuncs.com:2181,hb-proxy-pub-xxx-002.hbase.rds.aliyuncs.com:2181,hb-proxy-pub-xxx-003.hbase.rds.aliyuncs.com:2181 sessionTimeout=90000 watcher=hconnection-0x52af26ee0x0, quorum=hb-proxy-pub-xxx-001.hbase.rds.aliyuncs.com:2181,hb-proxy-pub-xxx-002.hbase.rds.aliyuncs.com:2181,hb-proxy-pub-xxx-003.hbase.rds.aliyuncs.com:2181, baseZNode=/hbase
17:51:21.845 [main] INFO  org.apache.zookeeper.ZooKeeper - Initiating client connection, connectString=hb-proxy-pub-xxx-001.hbase.rds.aliyuncs.com:2181,hb-proxy-pub-xxx-002.hbase.rds.aliyuncs.com:2181,hb-proxy-pub-xxx-003.hbase.rds.aliyuncs.com:2181 sessionTimeout=90000 watcher=hconnection-0x52af26ee0x0, quorum=hb-proxy-pub-xxx-001.hbase.rds.aliyuncs.com:2181,hb-proxy-pub-xxx-002.hbase.rds.aliyuncs.com:2181,hb-proxy-pub-xxx-003.hbase.rds.aliyuncs.com:2181, baseZNode=/hbase
17:51:22.845 [main] INFO  org.apache.zookeeper.ZooKeeper - Initiating client connection, connectString=hb-proxy-pub-xxx-001.hbase.rds.aliyuncs.com:2181,hb-proxy-pub-xxx-002.hbase.rds.aliyuncs.com:2181,hb-proxy-pub-xxx-003.hbase.rds.aliyuncs.com:2181 sessionTimeout=90000 watcher=hconnection-0x52af26ee0x0, quorum=hb-proxy-pub-xxx-001.hbase.rds.aliyuncs.com:2181,hb-proxy-pub-xxx-002.hbase.rds.aliyuncs.com:2181,hb-proxy-pub-xxx-003.hbase.rds.aliyuncs.com:2181, baseZNode=/hbase
17:51:24.846 [main] INFO  org.apache.zookeeper.ZooKeeper - Initiating client connection, connectString=hb-proxy-pub-xxx-001.hbase.rds.aliyuncs.com:2181,hb-proxy-pub-xxx-002.hbase.rds.aliyuncs.com:2181,hb-proxy-pub-xxx-003.hbase.rds.aliyuncs.com:2181 sessionTimeout=90000 watcher=hconnection-0x52af26ee0x0, quorum=hb-proxy-pub-xxx-001.hbase.rds.aliyuncs.com:2181,hb-proxy-pub-xxx-002.hbase.rds.aliyuncs.com:2181,hb-proxy-pub-xxx-003.hbase.rds.aliyuncs.com:2181, baseZNode=/hbase
17:51:28.847 [main] INFO  org.apache.zookeeper.ZooKeeper - Initiating client connection, connectString=hb-proxy-pub-xxx-001.hbase.rds.aliyuncs.com:2181,hb-proxy-pub-xxx-002.hbase.rds.aliyuncs.com:2181,hb-proxy-pub-xxx-003.hbase.rds.aliyuncs.com:2181 sessionTimeout=90000 watcher=hconnection-0x52af26ee0x0, quorum=hb-proxy-pub-xxx-001.hbase.rds.aliyuncs.com:2181,hb-proxy-pub-xxx-002.hbase.rds.aliyuncs.com:2181,hb-proxy-pub-xxx-003.hbase.rds.aliyuncs.com:2181, baseZNode=/hbase
17:51:36.847 [main] INFO  org.apache.zookeeper.ZooKeeper - Initiating client connection, connectString=hb-proxy-pub-xxx-001.hbase.rds.aliyuncs.com:2181,hb-proxy-pub-xxx-002.hbase.rds.aliyuncs.com:2181,hb-proxy-pub-xxx-003.hbase.rds.aliyuncs.com:2181 sessionTimeout=90000 watcher=hconnection-0x52af26ee0x0, quorum=hb-proxy-pub-xxx-001.hbase.rds.aliyuncs.com:2181,hb-proxy-pub-xxx-002.hbase.rds.aliyuncs.com:2181,hb-proxy-pub-xxx-003.hbase.rds.aliyuncs.com:2181, baseZNode=/hbase
17:51:37.101 [main] INFO  org.apache.zookeeper.ZooKeeper - Initiating client connection, connectString=hb-proxy-pub-xxx-001.hbase.rds.aliyuncs.com:2181,hb-proxy-pub-xxx-002.hbase.rds.aliyuncs.com:2181,hb-proxy-pub-xxx-003.hbase.rds.aliyuncs.com:2181 sessionTimeout=90000 watcher=hconnection-0x52af26ee0x0, quorum=hb-proxy-pub-xxx-001.hbase.rds.aliyuncs.com:2181,hb-proxy-pub-xxx-002.hbase.rds.aliyuncs.com:2181,hb-proxy-pub-xxx-003.hbase.rds.aliyuncs.com:2181, baseZNode=/hbase
17:51:38.101 [main] INFO  org.apache.zookeeper.ZooKeeper - Initiating client connection, connectString=hb-proxy-pub-xxx-001.hbase.rds.aliyuncs.com:2181,hb-proxy-pub-xxx-002.hbase.rds.aliyuncs.com:2181,hb-proxy-pub-xxx-003.hbase.rds.aliyuncs.com:2181 sessionTimeout=90000 watcher=hconnection-0x52af26ee0x0, quorum=hb-proxy-pub-xxx-001.hbase.rds.aliyuncs.com:2181,hb-proxy-pub-xxx-002.hbase.rds.aliyuncs.com:2181,hb-proxy-pub-xxx-003.hbase.rds.aliyuncs.com:2181, baseZNode=/hbase
17:51:40.102 [main] INFO  org.apache.zookeeper.ZooKeeper - Initiating client connection, connectString=hb-proxy-pub-xxx-001.hbase.rds.aliyuncs.com:2181,hb-proxy-pub-xxx-002.hbase.rds.aliyuncs.com:2181,hb-proxy-pub-xxx-003.hbase.rds.aliyuncs.com:2181 sessionTimeout=90000 watcher=hconnection-0x52af26ee0x0, quorum=hb-proxy-pub-xxx-001.hbase.rds.aliyuncs.com:2181,hb-proxy-pub-xxx-002.hbase.rds.aliyuncs.com:2181,hb-proxy-pub-xxx-003.hbase.rds.aliyuncs.com:2181, baseZNode=/hbase
17:51:44.103 [main] INFO  org.apache.zookeeper.ZooKeeper - Initiating client connection, connectString=hb-proxy-pub-xxx-001.hbase.rds.aliyuncs.com:2181,hb-proxy-pub-xxx-002.hbase.rds.aliyuncs.com:2181,hb-proxy-pub-xxx-003.hbase.rds.aliyuncs.com:2181 sessionTimeout=90000 watcher=hconnection-0x52af26ee0x0, quorum=hb-proxy-pub-xxx-001.hbase.rds.aliyuncs.com:2181,hb-proxy-pub-xxx-002.hbase.rds.aliyuncs.com:2181,hb-proxy-pub-xxx-003.hbase.rds.aliyuncs.com:2181, baseZNode=/hbase
17:51:52.103 [main] INFO  org.apache.zookeeper.ZooKeeper - Initiating client connection, connectString=hb-proxy-pub-xxx-001.hbase.rds.aliyuncs.com:2181,hb-proxy-pub-xxx-002.hbase.rds.aliyuncs.com:2181,hb-proxy-pub-xxx-003.hbase.rds.aliyuncs.com:2181 sessionTimeout=90000 watcher=hconnection-0x52af26ee0x0, quorum=hb-proxy-pub-xxx-001.hbase.rds.aliyuncs.com:2181,hb-proxy-pub-xxx-002.hbase.rds.aliyuncs.com:2181,hb-proxy-pub-xxx-003.hbase.rds.aliyuncs.com:2181, baseZNode=/hbase
17:51:52.280 [main] DEBUG o.apache.phoenix.jdbc.PhoenixDriver - Expiring hb-proxy-pub-xxx-001.hbase.rds.aliyuncs.com,hb-proxy-pub-xxx-002.hbase.rds.aliyuncs.com,hb-proxy-pub-xxx-003.hbase.rds.aliyuncs.com:2181:/hbase because of EXPLICIT
</system-out>
    <system-err>SLF4J: Class path contains multiple SLF4J bindings.
SLF4J: Found binding in [jar:file:/C:/Users/52702/.m2/repository/ch/qos/logback/logback-classic/1.0.13/logback-classic-1.0.13.jar!/org/slf4j/impl/StaticLoggerBinder.class]
SLF4J: Found binding in [jar:file:/C:/Users/52702/.m2/repository/org/slf4j/slf4j-log4j12/1.7.10/slf4j-log4j12-1.7.10.jar!/org/slf4j/impl/StaticLoggerBinder.class]
SLF4J: See http://www.slf4j.org/codes.html#multiple_bindings for an explanation.
SLF4J: Actual binding is of type [ch.qos.logback.classic.util.ContextSelectorStaticBinder]
log4j:WARN No appenders could be found for logger (org.apache.hadoop.util.Shell).
log4j:WARN Please initialize the log4j system properly.
log4j:WARN See http://logging.apache.org/log4j/1.2/faq.html#noconfig for more info.
</system-err>
  </testcase>
  <testcase classname="com.alibaba.datax.plugin.reader.hbase11xsqlreader.HbaseSQLHelperTest" name="testSplit" time="91.596">
    <error message="Code:[Hbasewriter-02], Description:[获取phoenix表的列值错误]. - HBase的columns配置不能为空,请添加目标表的列名配置.org.apache.hadoop.hbase.client.RetriesExhaustedException: Can&apos;t get the locations - java.sql.SQLException: org.apache.hadoop.hbase.client.RetriesExhaustedException: Can&apos;t get the locations
	at org.apache.phoenix.query.ConnectionQueryServicesImpl$13.call(ConnectionQueryServicesImpl.java:2468)
	at org.apache.phoenix.query.ConnectionQueryServicesImpl$13.call(ConnectionQueryServicesImpl.java:2374)
	at org.apache.phoenix.util.PhoenixContextExecutor.call(PhoenixContextExecutor.java:76)
	at org.apache.phoenix.query.ConnectionQueryServicesImpl.init(ConnectionQueryServicesImpl.java:2374)
	at org.apache.phoenix.jdbc.PhoenixDriver.getConnectionQueryServices(PhoenixDriver.java:255)
	at org.apache.phoenix.jdbc.PhoenixEmbeddedDriver.createConnection(PhoenixEmbeddedDriver.java:154)
	at org.apache.phoenix.jdbc.PhoenixDriver.connect(PhoenixDriver.java:221)
	at java.sql.DriverManager.getConnection(DriverManager.java:664)
	at java.sql.DriverManager.getConnection(DriverManager.java:270)
	at com.alibaba.datax.plugin.reader.hbase11xsqlreader.HbaseSQLHelper.getPColumnNames(HbaseSQLHelper.java:67)
	at com.alibaba.datax.plugin.reader.hbase11xsqlreader.HbaseSQLReaderConfig.parseTableConfig(HbaseSQLReaderConfig.java:127)
	at com.alibaba.datax.plugin.reader.hbase11xsqlreader.HbaseSQLReaderConfig.parse(HbaseSQLReaderConfig.java:71)
	at com.alibaba.datax.plugin.reader.hbase11xsqlreader.HbaseSQLHelper.parseConfig(HbaseSQLHelper.java:112)
	at com.alibaba.datax.plugin.reader.hbase11xsqlreader.HbaseSQLHelperTest.testSplit(HbaseSQLHelperTest.java:36)
	at sun.reflect.NativeMethodAccessorImpl.invoke0(Native Method)
	at sun.reflect.NativeMethodAccessorImpl.invoke(NativeMethodAccessorImpl.java:62)
	at sun.reflect.DelegatingMethodAccessorImpl.invoke(DelegatingMethodAccessorImpl.java:43)
	at java.lang.reflect.Method.invoke(Method.java:498)
	at org.junit.runners.model.FrameworkMethod$1.runReflectiveCall(FrameworkMethod.java:47)
	at org.junit.internal.runners.model.ReflectiveCallable.run(ReflectiveCallable.java:12)
	at org.junit.runners.model.FrameworkMethod.invokeExplosively(FrameworkMethod.java:44)
	at org.junit.internal.runners.statements.InvokeMethod.evaluate(InvokeMethod.java:17)
	at org.junit.runners.ParentRunner.runLeaf(ParentRunner.java:271)
	at org.junit.runners.BlockJUnit4ClassRunner.runChild(BlockJUnit4ClassRunner.java:70)
	at org.junit.runners.BlockJUnit4ClassRunner.runChild(BlockJUnit4ClassRunner.java:50)
	at org.junit.runners.ParentRunner$3.run(ParentRunner.java:238)
	at org.junit.runners.ParentRunner$1.schedule(ParentRunner.java:63)
	at org.junit.runners.ParentRunner.runChildren(ParentRunner.java:236)
	at org.junit.runners.ParentRunner.access$000(ParentRunner.java:53)
	at org.junit.runners.ParentRunner$2.evaluate(ParentRunner.java:229)
	at org.junit.runners.ParentRunner.run(ParentRunner.java:309)
	at org.apache.maven.surefire.junit4.JUnit4Provider.execute(JUnit4Provider.java:252)
	at org.apache.maven.surefire.junit4.JUnit4Provider.executeTestSet(JUnit4Provider.java:141)
	at org.apache.maven.surefire.junit4.JUnit4Provider.invoke(JUnit4Provider.java:112)
	at sun.reflect.NativeMethodAccessorImpl.invoke0(Native Method)
	at sun.reflect.NativeMethodAccessorImpl.invoke(NativeMethodAccessorImpl.java:62)
	at sun.reflect.DelegatingMethodAccessorImpl.invoke(DelegatingMethodAccessorImpl.java:43)
	at java.lang.reflect.Method.invoke(Method.java:498)
	at org.apache.maven.surefire.util.ReflectionUtils.invokeMethodWithArray(ReflectionUtils.java:189)
	at org.apache.maven.surefire.booter.ProviderFactory$ProviderProxy.invoke(ProviderFactory.java:165)
	at org.apache.maven.surefire.booter.ProviderFactory.invokeProvider(ProviderFactory.java:85)
	at org.apache.maven.surefire.booter.ForkedBooter.runSuitesInProcess(ForkedBooter.java:115)
	at org.apache.maven.surefire.booter.ForkedBooter.main(ForkedBooter.java:75)
Caused by: org.apache.hadoop.hbase.client.RetriesExhaustedException: Can&apos;t get the locations
	at org.apache.hadoop.hbase.client.RpcRetryingCallerWithReadReplicas.getRegionLocations(RpcRetryingCallerWithReadReplicas.java:312)
	at org.apache.hadoop.hbase.client.ScannerCallableWithReplicas.call(ScannerCallableWithReplicas.java:156)
	at org.apache.hadoop.hbase.client.ScannerCallableWithReplicas.call(ScannerCallableWithReplicas.java:60)
	at org.apache.hadoop.hbase.client.RpcRetryingCaller.callWithoutRetries(RpcRetryingCaller.java:210)
	at org.apache.hadoop.hbase.client.ClientScanner.call(ClientScanner.java:327)
	at org.apache.hadoop.hbase.client.ClientScanner.nextScanner(ClientScanner.java:302)
	at org.apache.hadoop.hbase.client.ClientScanner.initializeScannerInConstruction(ClientScanner.java:167)
	at org.apache.hadoop.hbase.client.ClientScanner.&lt;init&gt;(ClientScanner.java:162)
	at org.apache.hadoop.hbase.client.HTable.getScanner(HTable.java:797)
	at org.apache.hadoop.hbase.MetaTableAccessor.fullScan(MetaTableAccessor.java:602)
	at org.apache.hadoop.hbase.MetaTableAccessor.tableExists(MetaTableAccessor.java:366)
	at org.apache.hadoop.hbase.client.HBaseAdmin.tableExists(HBaseAdmin.java:403)
	at org.apache.phoenix.query.ConnectionQueryServicesImpl$13.call(ConnectionQueryServicesImpl.java:2402)
	... 42 more
" type="com.alibaba.datax.common.exception.DataXException">com.alibaba.datax.common.exception.DataXException: Code:[Hbasewriter-02], Description:[获取phoenix表的列值错误]. - HBase的columns配置不能为空,请添加目标表的列名配置.org.apache.hadoop.hbase.client.RetriesExhaustedException: Can&apos;t get the locations - java.sql.SQLException: org.apache.hadoop.hbase.client.RetriesExhaustedException: Can&apos;t get the locations
	at org.apache.phoenix.query.ConnectionQueryServicesImpl$13.call(ConnectionQueryServicesImpl.java:2468)
	at org.apache.phoenix.query.ConnectionQueryServicesImpl$13.call(ConnectionQueryServicesImpl.java:2374)
	at org.apache.phoenix.util.PhoenixContextExecutor.call(PhoenixContextExecutor.java:76)
	at org.apache.phoenix.query.ConnectionQueryServicesImpl.init(ConnectionQueryServicesImpl.java:2374)
	at org.apache.phoenix.jdbc.PhoenixDriver.getConnectionQueryServices(PhoenixDriver.java:255)
	at org.apache.phoenix.jdbc.PhoenixEmbeddedDriver.createConnection(PhoenixEmbeddedDriver.java:154)
	at org.apache.phoenix.jdbc.PhoenixDriver.connect(PhoenixDriver.java:221)
	at java.sql.DriverManager.getConnection(DriverManager.java:664)
	at java.sql.DriverManager.getConnection(DriverManager.java:270)
	at com.alibaba.datax.plugin.reader.hbase11xsqlreader.HbaseSQLHelper.getPColumnNames(HbaseSQLHelper.java:67)
	at com.alibaba.datax.plugin.reader.hbase11xsqlreader.HbaseSQLReaderConfig.parseTableConfig(HbaseSQLReaderConfig.java:127)
	at com.alibaba.datax.plugin.reader.hbase11xsqlreader.HbaseSQLReaderConfig.parse(HbaseSQLReaderConfig.java:71)
	at com.alibaba.datax.plugin.reader.hbase11xsqlreader.HbaseSQLHelper.parseConfig(HbaseSQLHelper.java:112)
	at com.alibaba.datax.plugin.reader.hbase11xsqlreader.HbaseSQLHelperTest.testSplit(HbaseSQLHelperTest.java:36)
	at sun.reflect.NativeMethodAccessorImpl.invoke0(Native Method)
	at sun.reflect.NativeMethodAccessorImpl.invoke(NativeMethodAccessorImpl.java:62)
	at sun.reflect.DelegatingMethodAccessorImpl.invoke(DelegatingMethodAccessorImpl.java:43)
	at java.lang.reflect.Method.invoke(Method.java:498)
	at org.junit.runners.model.FrameworkMethod$1.runReflectiveCall(FrameworkMethod.java:47)
	at org.junit.internal.runners.model.ReflectiveCallable.run(ReflectiveCallable.java:12)
	at org.junit.runners.model.FrameworkMethod.invokeExplosively(FrameworkMethod.java:44)
	at org.junit.internal.runners.statements.InvokeMethod.evaluate(InvokeMethod.java:17)
	at org.junit.runners.ParentRunner.runLeaf(ParentRunner.java:271)
	at org.junit.runners.BlockJUnit4ClassRunner.runChild(BlockJUnit4ClassRunner.java:70)
	at org.junit.runners.BlockJUnit4ClassRunner.runChild(BlockJUnit4ClassRunner.java:50)
	at org.junit.runners.ParentRunner$3.run(ParentRunner.java:238)
	at org.junit.runners.ParentRunner$1.schedule(ParentRunner.java:63)
	at org.junit.runners.ParentRunner.runChildren(ParentRunner.java:236)
	at org.junit.runners.ParentRunner.access$000(ParentRunner.java:53)
	at org.junit.runners.ParentRunner$2.evaluate(ParentRunner.java:229)
	at org.junit.runners.ParentRunner.run(ParentRunner.java:309)
	at org.apache.maven.surefire.junit4.JUnit4Provider.execute(JUnit4Provider.java:252)
	at org.apache.maven.surefire.junit4.JUnit4Provider.executeTestSet(JUnit4Provider.java:141)
	at org.apache.maven.surefire.junit4.JUnit4Provider.invoke(JUnit4Provider.java:112)
	at sun.reflect.NativeMethodAccessorImpl.invoke0(Native Method)
	at sun.reflect.NativeMethodAccessorImpl.invoke(NativeMethodAccessorImpl.java:62)
	at sun.reflect.DelegatingMethodAccessorImpl.invoke(DelegatingMethodAccessorImpl.java:43)
	at java.lang.reflect.Method.invoke(Method.java:498)
	at org.apache.maven.surefire.util.ReflectionUtils.invokeMethodWithArray(ReflectionUtils.java:189)
	at org.apache.maven.surefire.booter.ProviderFactory$ProviderProxy.invoke(ProviderFactory.java:165)
	at org.apache.maven.surefire.booter.ProviderFactory.invokeProvider(ProviderFactory.java:85)
	at org.apache.maven.surefire.booter.ForkedBooter.runSuitesInProcess(ForkedBooter.java:115)
	at org.apache.maven.surefire.booter.ForkedBooter.main(ForkedBooter.java:75)
Caused by: org.apache.hadoop.hbase.client.RetriesExhaustedException: Can&apos;t get the locations
	at org.apache.hadoop.hbase.client.RpcRetryingCallerWithReadReplicas.getRegionLocations(RpcRetryingCallerWithReadReplicas.java:312)
	at org.apache.hadoop.hbase.client.ScannerCallableWithReplicas.call(ScannerCallableWithReplicas.java:156)
	at org.apache.hadoop.hbase.client.ScannerCallableWithReplicas.call(ScannerCallableWithReplicas.java:60)
	at org.apache.hadoop.hbase.client.RpcRetryingCaller.callWithoutRetries(RpcRetryingCaller.java:210)
	at org.apache.hadoop.hbase.client.ClientScanner.call(ClientScanner.java:327)
	at org.apache.hadoop.hbase.client.ClientScanner.nextScanner(ClientScanner.java:302)
	at org.apache.hadoop.hbase.client.ClientScanner.initializeScannerInConstruction(ClientScanner.java:167)
	at org.apache.hadoop.hbase.client.ClientScanner.&lt;init&gt;(ClientScanner.java:162)
	at org.apache.hadoop.hbase.client.HTable.getScanner(HTable.java:797)
	at org.apache.hadoop.hbase.MetaTableAccessor.fullScan(MetaTableAccessor.java:602)
	at org.apache.hadoop.hbase.MetaTableAccessor.tableExists(MetaTableAccessor.java:366)
	at org.apache.hadoop.hbase.client.HBaseAdmin.tableExists(HBaseAdmin.java:403)
	at org.apache.phoenix.query.ConnectionQueryServicesImpl$13.call(ConnectionQueryServicesImpl.java:2402)
	... 42 more

	at com.alibaba.datax.common.exception.DataXException.asDataXException(DataXException.java:33)
	at com.alibaba.datax.plugin.reader.hbase11xsqlreader.HbaseSQLReaderConfig.parseTableConfig(HbaseSQLReaderConfig.java:130)
	at com.alibaba.datax.plugin.reader.hbase11xsqlreader.HbaseSQLReaderConfig.parse(HbaseSQLReaderConfig.java:71)
	at com.alibaba.datax.plugin.reader.hbase11xsqlreader.HbaseSQLHelper.parseConfig(HbaseSQLHelper.java:112)
	at com.alibaba.datax.plugin.reader.hbase11xsqlreader.HbaseSQLHelperTest.testSplit(HbaseSQLHelperTest.java:36)
	at sun.reflect.NativeMethodAccessorImpl.invoke0(Native Method)
	at sun.reflect.NativeMethodAccessorImpl.invoke(NativeMethodAccessorImpl.java:62)
	at sun.reflect.DelegatingMethodAccessorImpl.invoke(DelegatingMethodAccessorImpl.java:43)
	at java.lang.reflect.Method.invoke(Method.java:498)
	at org.junit.runners.model.FrameworkMethod$1.runReflectiveCall(FrameworkMethod.java:47)
	at org.junit.internal.runners.model.ReflectiveCallable.run(ReflectiveCallable.java:12)
	at org.junit.runners.model.FrameworkMethod.invokeExplosively(FrameworkMethod.java:44)
	at org.junit.internal.runners.statements.InvokeMethod.evaluate(InvokeMethod.java:17)
	at org.junit.runners.ParentRunner.runLeaf(ParentRunner.java:271)
	at org.junit.runners.BlockJUnit4ClassRunner.runChild(BlockJUnit4ClassRunner.java:70)
	at org.junit.runners.BlockJUnit4ClassRunner.runChild(BlockJUnit4ClassRunner.java:50)
	at org.junit.runners.ParentRunner$3.run(ParentRunner.java:238)
	at org.junit.runners.ParentRunner$1.schedule(ParentRunner.java:63)
	at org.junit.runners.ParentRunner.runChildren(ParentRunner.java:236)
	at org.junit.runners.ParentRunner.access$000(ParentRunner.java:53)
	at org.junit.runners.ParentRunner$2.evaluate(ParentRunner.java:229)
	at org.junit.runners.ParentRunner.run(ParentRunner.java:309)
	at org.apache.maven.surefire.junit4.JUnit4Provider.execute(JUnit4Provider.java:252)
	at org.apache.maven.surefire.junit4.JUnit4Provider.executeTestSet(JUnit4Provider.java:141)
	at org.apache.maven.surefire.junit4.JUnit4Provider.invoke(JUnit4Provider.java:112)
	at sun.reflect.NativeMethodAccessorImpl.invoke0(Native Method)
	at sun.reflect.NativeMethodAccessorImpl.invoke(NativeMethodAccessorImpl.java:62)
	at sun.reflect.DelegatingMethodAccessorImpl.invoke(DelegatingMethodAccessorImpl.java:43)
	at java.lang.reflect.Method.invoke(Method.java:498)
	at org.apache.maven.surefire.util.ReflectionUtils.invokeMethodWithArray(ReflectionUtils.java:189)
	at org.apache.maven.surefire.booter.ProviderFactory$ProviderProxy.invoke(ProviderFactory.java:165)
	at org.apache.maven.surefire.booter.ProviderFactory.invokeProvider(ProviderFactory.java:85)
	at org.apache.maven.surefire.booter.ForkedBooter.runSuitesInProcess(ForkedBooter.java:115)
	at org.apache.maven.surefire.booter.ForkedBooter.main(ForkedBooter.java:75)
Caused by: java.sql.SQLException: org.apache.hadoop.hbase.client.RetriesExhaustedException: Can&apos;t get the locations
	at org.apache.phoenix.query.ConnectionQueryServicesImpl$13.call(ConnectionQueryServicesImpl.java:2468)
	at org.apache.phoenix.query.ConnectionQueryServicesImpl$13.call(ConnectionQueryServicesImpl.java:2374)
	at org.apache.phoenix.util.PhoenixContextExecutor.call(PhoenixContextExecutor.java:76)
	at org.apache.phoenix.query.ConnectionQueryServicesImpl.init(ConnectionQueryServicesImpl.java:2374)
	at org.apache.phoenix.jdbc.PhoenixDriver.getConnectionQueryServices(PhoenixDriver.java:255)
	at org.apache.phoenix.jdbc.PhoenixEmbeddedDriver.createConnection(PhoenixEmbeddedDriver.java:154)
	at org.apache.phoenix.jdbc.PhoenixDriver.connect(PhoenixDriver.java:221)
	at java.sql.DriverManager.getConnection(DriverManager.java:664)
	at java.sql.DriverManager.getConnection(DriverManager.java:270)
	at com.alibaba.datax.plugin.reader.hbase11xsqlreader.HbaseSQLHelper.getPColumnNames(HbaseSQLHelper.java:67)
	at com.alibaba.datax.plugin.reader.hbase11xsqlreader.HbaseSQLReaderConfig.parseTableConfig(HbaseSQLReaderConfig.java:127)
	... 32 more
Caused by: org.apache.hadoop.hbase.client.RetriesExhaustedException: Can&apos;t get the locations
	at org.apache.hadoop.hbase.client.RpcRetryingCallerWithReadReplicas.getRegionLocations(RpcRetryingCallerWithReadReplicas.java:312)
	at org.apache.hadoop.hbase.client.ScannerCallableWithReplicas.call(ScannerCallableWithReplicas.java:156)
	at org.apache.hadoop.hbase.client.ScannerCallableWithReplicas.call(ScannerCallableWithReplicas.java:60)
	at org.apache.hadoop.hbase.client.RpcRetryingCaller.callWithoutRetries(RpcRetryingCaller.java:210)
	at org.apache.hadoop.hbase.client.ClientScanner.call(ClientScanner.java:327)
	at org.apache.hadoop.hbase.client.ClientScanner.nextScanner(ClientScanner.java:302)
	at org.apache.hadoop.hbase.client.ClientScanner.initializeScannerInConstruction(ClientScanner.java:167)
	at org.apache.hadoop.hbase.client.ClientScanner.&lt;init&gt;(ClientScanner.java:162)
	at org.apache.hadoop.hbase.client.HTable.getScanner(HTable.java:797)
	at org.apache.hadoop.hbase.MetaTableAccessor.fullScan(MetaTableAccessor.java:602)
	at org.apache.hadoop.hbase.MetaTableAccessor.tableExists(MetaTableAccessor.java:366)
	at org.apache.hadoop.hbase.client.HBaseAdmin.tableExists(HBaseAdmin.java:403)
	at org.apache.phoenix.query.ConnectionQueryServicesImpl$13.call(ConnectionQueryServicesImpl.java:2402)
	... 42 more
</error>
    <system-out>17:51:52.286 [main] DEBUG o.a.p.j.PhoenixEmbeddedDriver$ConnectionInfo - Principal and keytab not provided, not attempting Kerberos login
17:51:52.322 [main] INFO  o.a.p.q.ConnectionQueryServicesImpl - An instance of ConnectionQueryServices was created.
17:51:52.322 [main] INFO  org.apache.zookeeper.ZooKeeper - Initiating client connection, connectString=hb-proxy-pub-xxx-001.hbase.rds.aliyuncs.com:2181,hb-proxy-pub-xxx-002.hbase.rds.aliyuncs.com:2181,hb-proxy-pub-xxx-003.hbase.rds.aliyuncs.com:2181 sessionTimeout=90000 watcher=hconnection-0x6bb4dd340x0, quorum=hb-proxy-pub-xxx-001.hbase.rds.aliyuncs.com:2181,hb-proxy-pub-xxx-002.hbase.rds.aliyuncs.com:2181,hb-proxy-pub-xxx-003.hbase.rds.aliyuncs.com:2181, baseZNode=/hbase
17:51:52.322 [main] INFO  org.apache.zookeeper.ZooKeeper - Initiating client connection, connectString=hb-proxy-pub-xxx-001.hbase.rds.aliyuncs.com:2181,hb-proxy-pub-xxx-002.hbase.rds.aliyuncs.com:2181,hb-proxy-pub-xxx-003.hbase.rds.aliyuncs.com:2181 sessionTimeout=90000 watcher=hconnection-0x6bb4dd340x0, quorum=hb-proxy-pub-xxx-001.hbase.rds.aliyuncs.com:2181,hb-proxy-pub-xxx-002.hbase.rds.aliyuncs.com:2181,hb-proxy-pub-xxx-003.hbase.rds.aliyuncs.com:2181, baseZNode=/hbase
17:51:53.324 [main] INFO  org.apache.zookeeper.ZooKeeper - Initiating client connection, connectString=hb-proxy-pub-xxx-001.hbase.rds.aliyuncs.com:2181,hb-proxy-pub-xxx-002.hbase.rds.aliyuncs.com:2181,hb-proxy-pub-xxx-003.hbase.rds.aliyuncs.com:2181 sessionTimeout=90000 watcher=hconnection-0x6bb4dd340x0, quorum=hb-proxy-pub-xxx-001.hbase.rds.aliyuncs.com:2181,hb-proxy-pub-xxx-002.hbase.rds.aliyuncs.com:2181,hb-proxy-pub-xxx-003.hbase.rds.aliyuncs.com:2181, baseZNode=/hbase
17:51:55.324 [main] INFO  org.apache.zookeeper.ZooKeeper - Initiating client connection, connectString=hb-proxy-pub-xxx-001.hbase.rds.aliyuncs.com:2181,hb-proxy-pub-xxx-002.hbase.rds.aliyuncs.com:2181,hb-proxy-pub-xxx-003.hbase.rds.aliyuncs.com:2181 sessionTimeout=90000 watcher=hconnection-0x6bb4dd340x0, quorum=hb-proxy-pub-xxx-001.hbase.rds.aliyuncs.com:2181,hb-proxy-pub-xxx-002.hbase.rds.aliyuncs.com:2181,hb-proxy-pub-xxx-003.hbase.rds.aliyuncs.com:2181, baseZNode=/hbase
17:51:59.325 [main] INFO  org.apache.zookeeper.ZooKeeper - Initiating client connection, connectString=hb-proxy-pub-xxx-001.hbase.rds.aliyuncs.com:2181,hb-proxy-pub-xxx-002.hbase.rds.aliyuncs.com:2181,hb-proxy-pub-xxx-003.hbase.rds.aliyuncs.com:2181 sessionTimeout=90000 watcher=hconnection-0x6bb4dd340x0, quorum=hb-proxy-pub-xxx-001.hbase.rds.aliyuncs.com:2181,hb-proxy-pub-xxx-002.hbase.rds.aliyuncs.com:2181,hb-proxy-pub-xxx-003.hbase.rds.aliyuncs.com:2181, baseZNode=/hbase
17:52:07.325 [main] INFO  org.apache.zookeeper.ZooKeeper - Initiating client connection, connectString=hb-proxy-pub-xxx-001.hbase.rds.aliyuncs.com:2181,hb-proxy-pub-xxx-002.hbase.rds.aliyuncs.com:2181,hb-proxy-pub-xxx-003.hbase.rds.aliyuncs.com:2181 sessionTimeout=90000 watcher=hconnection-0x6bb4dd340x0, quorum=hb-proxy-pub-xxx-001.hbase.rds.aliyuncs.com:2181,hb-proxy-pub-xxx-002.hbase.rds.aliyuncs.com:2181,hb-proxy-pub-xxx-003.hbase.rds.aliyuncs.com:2181, baseZNode=/hbase
17:52:07.520 [main] INFO  o.a.p.q.ConnectionQueryServicesImpl - HConnection established. Stacktrace for informational purposes: hconnection-0x6bb4dd34
17:52:07.520 [main] INFO  org.apache.zookeeper.ZooKeeper - Initiating client connection, connectString=hb-proxy-pub-xxx-001.hbase.rds.aliyuncs.com:2181,hb-proxy-pub-xxx-002.hbase.rds.aliyuncs.com:2181,hb-proxy-pub-xxx-003.hbase.rds.aliyuncs.com:2181 sessionTimeout=90000 watcher=hconnection-0x6bb4dd340x0, quorum=hb-proxy-pub-xxx-001.hbase.rds.aliyuncs.com:2181,hb-proxy-pub-xxx-002.hbase.rds.aliyuncs.com:2181,hb-proxy-pub-xxx-003.hbase.rds.aliyuncs.com:2181, baseZNode=/hbase
17:52:08.521 [main] INFO  org.apache.zookeeper.ZooKeeper - Initiating client connection, connectString=hb-proxy-pub-xxx-001.hbase.rds.aliyuncs.com:2181,hb-proxy-pub-xxx-002.hbase.rds.aliyuncs.com:2181,hb-proxy-pub-xxx-003.hbase.rds.aliyuncs.com:2181 sessionTimeout=90000 watcher=hconnection-0x6bb4dd340x0, quorum=hb-proxy-pub-xxx-001.hbase.rds.aliyuncs.com:2181,hb-proxy-pub-xxx-002.hbase.rds.aliyuncs.com:2181,hb-proxy-pub-xxx-003.hbase.rds.aliyuncs.com:2181, baseZNode=/hbase
17:52:10.522 [main] INFO  org.apache.zookeeper.ZooKeeper - Initiating client connection, connectString=hb-proxy-pub-xxx-001.hbase.rds.aliyuncs.com:2181,hb-proxy-pub-xxx-002.hbase.rds.aliyuncs.com:2181,hb-proxy-pub-xxx-003.hbase.rds.aliyuncs.com:2181 sessionTimeout=90000 watcher=hconnection-0x6bb4dd340x0, quorum=hb-proxy-pub-xxx-001.hbase.rds.aliyuncs.com:2181,hb-proxy-pub-xxx-002.hbase.rds.aliyuncs.com:2181,hb-proxy-pub-xxx-003.hbase.rds.aliyuncs.com:2181, baseZNode=/hbase
17:52:14.522 [main] INFO  org.apache.zookeeper.ZooKeeper - Initiating client connection, connectString=hb-proxy-pub-xxx-001.hbase.rds.aliyuncs.com:2181,hb-proxy-pub-xxx-002.hbase.rds.aliyuncs.com:2181,hb-proxy-pub-xxx-003.hbase.rds.aliyuncs.com:2181 sessionTimeout=90000 watcher=hconnection-0x6bb4dd340x0, quorum=hb-proxy-pub-xxx-001.hbase.rds.aliyuncs.com:2181,hb-proxy-pub-xxx-002.hbase.rds.aliyuncs.com:2181,hb-proxy-pub-xxx-003.hbase.rds.aliyuncs.com:2181, baseZNode=/hbase
17:52:22.523 [main] INFO  org.apache.zookeeper.ZooKeeper - Initiating client connection, connectString=hb-proxy-pub-xxx-001.hbase.rds.aliyuncs.com:2181,hb-proxy-pub-xxx-002.hbase.rds.aliyuncs.com:2181,hb-proxy-pub-xxx-003.hbase.rds.aliyuncs.com:2181 sessionTimeout=90000 watcher=hconnection-0x6bb4dd340x0, quorum=hb-proxy-pub-xxx-001.hbase.rds.aliyuncs.com:2181,hb-proxy-pub-xxx-002.hbase.rds.aliyuncs.com:2181,hb-proxy-pub-xxx-003.hbase.rds.aliyuncs.com:2181, baseZNode=/hbase
17:52:22.682 [main] INFO  org.apache.zookeeper.ZooKeeper - Initiating client connection, connectString=hb-proxy-pub-xxx-001.hbase.rds.aliyuncs.com:2181,hb-proxy-pub-xxx-002.hbase.rds.aliyuncs.com:2181,hb-proxy-pub-xxx-003.hbase.rds.aliyuncs.com:2181 sessionTimeout=90000 watcher=hconnection-0x6bb4dd340x0, quorum=hb-proxy-pub-xxx-001.hbase.rds.aliyuncs.com:2181,hb-proxy-pub-xxx-002.hbase.rds.aliyuncs.com:2181,hb-proxy-pub-xxx-003.hbase.rds.aliyuncs.com:2181, baseZNode=/hbase
17:52:23.682 [main] INFO  org.apache.zookeeper.ZooKeeper - Initiating client connection, connectString=hb-proxy-pub-xxx-001.hbase.rds.aliyuncs.com:2181,hb-proxy-pub-xxx-002.hbase.rds.aliyuncs.com:2181,hb-proxy-pub-xxx-003.hbase.rds.aliyuncs.com:2181 sessionTimeout=90000 watcher=hconnection-0x6bb4dd340x0, quorum=hb-proxy-pub-xxx-001.hbase.rds.aliyuncs.com:2181,hb-proxy-pub-xxx-002.hbase.rds.aliyuncs.com:2181,hb-proxy-pub-xxx-003.hbase.rds.aliyuncs.com:2181, baseZNode=/hbase
17:52:25.683 [main] INFO  org.apache.zookeeper.ZooKeeper - Initiating client connection, connectString=hb-proxy-pub-xxx-001.hbase.rds.aliyuncs.com:2181,hb-proxy-pub-xxx-002.hbase.rds.aliyuncs.com:2181,hb-proxy-pub-xxx-003.hbase.rds.aliyuncs.com:2181 sessionTimeout=90000 watcher=hconnection-0x6bb4dd340x0, quorum=hb-proxy-pub-xxx-001.hbase.rds.aliyuncs.com:2181,hb-proxy-pub-xxx-002.hbase.rds.aliyuncs.com:2181,hb-proxy-pub-xxx-003.hbase.rds.aliyuncs.com:2181, baseZNode=/hbase
17:52:29.683 [main] INFO  org.apache.zookeeper.ZooKeeper - Initiating client connection, connectString=hb-proxy-pub-xxx-001.hbase.rds.aliyuncs.com:2181,hb-proxy-pub-xxx-002.hbase.rds.aliyuncs.com:2181,hb-proxy-pub-xxx-003.hbase.rds.aliyuncs.com:2181 sessionTimeout=90000 watcher=hconnection-0x6bb4dd340x0, quorum=hb-proxy-pub-xxx-001.hbase.rds.aliyuncs.com:2181,hb-proxy-pub-xxx-002.hbase.rds.aliyuncs.com:2181,hb-proxy-pub-xxx-003.hbase.rds.aliyuncs.com:2181, baseZNode=/hbase
17:52:37.685 [main] INFO  org.apache.zookeeper.ZooKeeper - Initiating client connection, connectString=hb-proxy-pub-xxx-001.hbase.rds.aliyuncs.com:2181,hb-proxy-pub-xxx-002.hbase.rds.aliyuncs.com:2181,hb-proxy-pub-xxx-003.hbase.rds.aliyuncs.com:2181 sessionTimeout=90000 watcher=hconnection-0x6bb4dd340x0, quorum=hb-proxy-pub-xxx-001.hbase.rds.aliyuncs.com:2181,hb-proxy-pub-xxx-002.hbase.rds.aliyuncs.com:2181,hb-proxy-pub-xxx-003.hbase.rds.aliyuncs.com:2181, baseZNode=/hbase
17:52:38.012 [main] INFO  org.apache.zookeeper.ZooKeeper - Initiating client connection, connectString=hb-proxy-pub-xxx-001.hbase.rds.aliyuncs.com:2181,hb-proxy-pub-xxx-002.hbase.rds.aliyuncs.com:2181,hb-proxy-pub-xxx-003.hbase.rds.aliyuncs.com:2181 sessionTimeout=90000 watcher=hconnection-0x6bb4dd340x0, quorum=hb-proxy-pub-xxx-001.hbase.rds.aliyuncs.com:2181,hb-proxy-pub-xxx-002.hbase.rds.aliyuncs.com:2181,hb-proxy-pub-xxx-003.hbase.rds.aliyuncs.com:2181, baseZNode=/hbase
17:52:39.012 [main] INFO  org.apache.zookeeper.ZooKeeper - Initiating client connection, connectString=hb-proxy-pub-xxx-001.hbase.rds.aliyuncs.com:2181,hb-proxy-pub-xxx-002.hbase.rds.aliyuncs.com:2181,hb-proxy-pub-xxx-003.hbase.rds.aliyuncs.com:2181 sessionTimeout=90000 watcher=hconnection-0x6bb4dd340x0, quorum=hb-proxy-pub-xxx-001.hbase.rds.aliyuncs.com:2181,hb-proxy-pub-xxx-002.hbase.rds.aliyuncs.com:2181,hb-proxy-pub-xxx-003.hbase.rds.aliyuncs.com:2181, baseZNode=/hbase
17:52:41.013 [main] INFO  org.apache.zookeeper.ZooKeeper - Initiating client connection, connectString=hb-proxy-pub-xxx-001.hbase.rds.aliyuncs.com:2181,hb-proxy-pub-xxx-002.hbase.rds.aliyuncs.com:2181,hb-proxy-pub-xxx-003.hbase.rds.aliyuncs.com:2181 sessionTimeout=90000 watcher=hconnection-0x6bb4dd340x0, quorum=hb-proxy-pub-xxx-001.hbase.rds.aliyuncs.com:2181,hb-proxy-pub-xxx-002.hbase.rds.aliyuncs.com:2181,hb-proxy-pub-xxx-003.hbase.rds.aliyuncs.com:2181, baseZNode=/hbase
17:52:45.013 [main] INFO  org.apache.zookeeper.ZooKeeper - Initiating client connection, connectString=hb-proxy-pub-xxx-001.hbase.rds.aliyuncs.com:2181,hb-proxy-pub-xxx-002.hbase.rds.aliyuncs.com:2181,hb-proxy-pub-xxx-003.hbase.rds.aliyuncs.com:2181 sessionTimeout=90000 watcher=hconnection-0x6bb4dd340x0, quorum=hb-proxy-pub-xxx-001.hbase.rds.aliyuncs.com:2181,hb-proxy-pub-xxx-002.hbase.rds.aliyuncs.com:2181,hb-proxy-pub-xxx-003.hbase.rds.aliyuncs.com:2181, baseZNode=/hbase
17:52:53.014 [main] INFO  org.apache.zookeeper.ZooKeeper - Initiating client connection, connectString=hb-proxy-pub-xxx-001.hbase.rds.aliyuncs.com:2181,hb-proxy-pub-xxx-002.hbase.rds.aliyuncs.com:2181,hb-proxy-pub-xxx-003.hbase.rds.aliyuncs.com:2181 sessionTimeout=90000 watcher=hconnection-0x6bb4dd340x0, quorum=hb-proxy-pub-xxx-001.hbase.rds.aliyuncs.com:2181,hb-proxy-pub-xxx-002.hbase.rds.aliyuncs.com:2181,hb-proxy-pub-xxx-003.hbase.rds.aliyuncs.com:2181, baseZNode=/hbase
17:52:53.394 [main] INFO  org.apache.zookeeper.ZooKeeper - Initiating client connection, connectString=hb-proxy-pub-xxx-001.hbase.rds.aliyuncs.com:2181,hb-proxy-pub-xxx-002.hbase.rds.aliyuncs.com:2181,hb-proxy-pub-xxx-003.hbase.rds.aliyuncs.com:2181 sessionTimeout=90000 watcher=hconnection-0x6bb4dd340x0, quorum=hb-proxy-pub-xxx-001.hbase.rds.aliyuncs.com:2181,hb-proxy-pub-xxx-002.hbase.rds.aliyuncs.com:2181,hb-proxy-pub-xxx-003.hbase.rds.aliyuncs.com:2181, baseZNode=/hbase
17:52:54.394 [main] INFO  org.apache.zookeeper.ZooKeeper - Initiating client connection, connectString=hb-proxy-pub-xxx-001.hbase.rds.aliyuncs.com:2181,hb-proxy-pub-xxx-002.hbase.rds.aliyuncs.com:2181,hb-proxy-pub-xxx-003.hbase.rds.aliyuncs.com:2181 sessionTimeout=90000 watcher=hconnection-0x6bb4dd340x0, quorum=hb-proxy-pub-xxx-001.hbase.rds.aliyuncs.com:2181,hb-proxy-pub-xxx-002.hbase.rds.aliyuncs.com:2181,hb-proxy-pub-xxx-003.hbase.rds.aliyuncs.com:2181, baseZNode=/hbase
17:52:56.395 [main] INFO  org.apache.zookeeper.ZooKeeper - Initiating client connection, connectString=hb-proxy-pub-xxx-001.hbase.rds.aliyuncs.com:2181,hb-proxy-pub-xxx-002.hbase.rds.aliyuncs.com:2181,hb-proxy-pub-xxx-003.hbase.rds.aliyuncs.com:2181 sessionTimeout=90000 watcher=hconnection-0x6bb4dd340x0, quorum=hb-proxy-pub-xxx-001.hbase.rds.aliyuncs.com:2181,hb-proxy-pub-xxx-002.hbase.rds.aliyuncs.com:2181,hb-proxy-pub-xxx-003.hbase.rds.aliyuncs.com:2181, baseZNode=/hbase
17:53:00.396 [main] INFO  org.apache.zookeeper.ZooKeeper - Initiating client connection, connectString=hb-proxy-pub-xxx-001.hbase.rds.aliyuncs.com:2181,hb-proxy-pub-xxx-002.hbase.rds.aliyuncs.com:2181,hb-proxy-pub-xxx-003.hbase.rds.aliyuncs.com:2181 sessionTimeout=90000 watcher=hconnection-0x6bb4dd340x0, quorum=hb-proxy-pub-xxx-001.hbase.rds.aliyuncs.com:2181,hb-proxy-pub-xxx-002.hbase.rds.aliyuncs.com:2181,hb-proxy-pub-xxx-003.hbase.rds.aliyuncs.com:2181, baseZNode=/hbase
17:53:08.397 [main] INFO  org.apache.zookeeper.ZooKeeper - Initiating client connection, connectString=hb-proxy-pub-xxx-001.hbase.rds.aliyuncs.com:2181,hb-proxy-pub-xxx-002.hbase.rds.aliyuncs.com:2181,hb-proxy-pub-xxx-003.hbase.rds.aliyuncs.com:2181 sessionTimeout=90000 watcher=hconnection-0x6bb4dd340x0, quorum=hb-proxy-pub-xxx-001.hbase.rds.aliyuncs.com:2181,hb-proxy-pub-xxx-002.hbase.rds.aliyuncs.com:2181,hb-proxy-pub-xxx-003.hbase.rds.aliyuncs.com:2181, baseZNode=/hbase
17:53:08.769 [main] INFO  org.apache.zookeeper.ZooKeeper - Initiating client connection, connectString=hb-proxy-pub-xxx-001.hbase.rds.aliyuncs.com:2181,hb-proxy-pub-xxx-002.hbase.rds.aliyuncs.com:2181,hb-proxy-pub-xxx-003.hbase.rds.aliyuncs.com:2181 sessionTimeout=90000 watcher=hconnection-0x6bb4dd340x0, quorum=hb-proxy-pub-xxx-001.hbase.rds.aliyuncs.com:2181,hb-proxy-pub-xxx-002.hbase.rds.aliyuncs.com:2181,hb-proxy-pub-xxx-003.hbase.rds.aliyuncs.com:2181, baseZNode=/hbase
17:53:09.771 [main] INFO  org.apache.zookeeper.ZooKeeper - Initiating client connection, connectString=hb-proxy-pub-xxx-001.hbase.rds.aliyuncs.com:2181,hb-proxy-pub-xxx-002.hbase.rds.aliyuncs.com:2181,hb-proxy-pub-xxx-003.hbase.rds.aliyuncs.com:2181 sessionTimeout=90000 watcher=hconnection-0x6bb4dd340x0, quorum=hb-proxy-pub-xxx-001.hbase.rds.aliyuncs.com:2181,hb-proxy-pub-xxx-002.hbase.rds.aliyuncs.com:2181,hb-proxy-pub-xxx-003.hbase.rds.aliyuncs.com:2181, baseZNode=/hbase
17:53:11.771 [main] INFO  org.apache.zookeeper.ZooKeeper - Initiating client connection, connectString=hb-proxy-pub-xxx-001.hbase.rds.aliyuncs.com:2181,hb-proxy-pub-xxx-002.hbase.rds.aliyuncs.com:2181,hb-proxy-pub-xxx-003.hbase.rds.aliyuncs.com:2181 sessionTimeout=90000 watcher=hconnection-0x6bb4dd340x0, quorum=hb-proxy-pub-xxx-001.hbase.rds.aliyuncs.com:2181,hb-proxy-pub-xxx-002.hbase.rds.aliyuncs.com:2181,hb-proxy-pub-xxx-003.hbase.rds.aliyuncs.com:2181, baseZNode=/hbase
17:53:15.772 [main] INFO  org.apache.zookeeper.ZooKeeper - Initiating client connection, connectString=hb-proxy-pub-xxx-001.hbase.rds.aliyuncs.com:2181,hb-proxy-pub-xxx-002.hbase.rds.aliyuncs.com:2181,hb-proxy-pub-xxx-003.hbase.rds.aliyuncs.com:2181 sessionTimeout=90000 watcher=hconnection-0x6bb4dd340x0, quorum=hb-proxy-pub-xxx-001.hbase.rds.aliyuncs.com:2181,hb-proxy-pub-xxx-002.hbase.rds.aliyuncs.com:2181,hb-proxy-pub-xxx-003.hbase.rds.aliyuncs.com:2181, baseZNode=/hbase
17:53:23.773 [main] INFO  org.apache.zookeeper.ZooKeeper - Initiating client connection, connectString=hb-proxy-pub-xxx-001.hbase.rds.aliyuncs.com:2181,hb-proxy-pub-xxx-002.hbase.rds.aliyuncs.com:2181,hb-proxy-pub-xxx-003.hbase.rds.aliyuncs.com:2181 sessionTimeout=90000 watcher=hconnection-0x6bb4dd340x0, quorum=hb-proxy-pub-xxx-001.hbase.rds.aliyuncs.com:2181,hb-proxy-pub-xxx-002.hbase.rds.aliyuncs.com:2181,hb-proxy-pub-xxx-003.hbase.rds.aliyuncs.com:2181, baseZNode=/hbase
17:53:23.879 [main] DEBUG o.apache.phoenix.jdbc.PhoenixDriver - Expiring hb-proxy-pub-xxx-001.hbase.rds.aliyuncs.com,hb-proxy-pub-xxx-002.hbase.rds.aliyuncs.com,hb-proxy-pub-xxx-003.hbase.rds.aliyuncs.com:2181:/hbase because of EXPLICIT
</system-out>
  </testcase>
</testsuite>